[2025-12-09T18:41:34.870+0000] {processor.py:161} INFO - Started process (PID=24) to work on /opt/airflow/dags/imple_time_and_hostname_log.py
[2025-12-09T18:41:34.872+0000] {processor.py:830} INFO - Processing file /opt/airflow/dags/imple_time_and_hostname_log.py for tasks to queue
[2025-12-09T18:41:34.874+0000] {logging_mixin.py:188} INFO - [2025-12-09T18:41:34.874+0000] {dagbag.py:540} INFO - Filling up the DagBag from /opt/airflow/dags/imple_time_and_hostname_log.py
[2025-12-09T18:41:34.918+0000] {processor.py:840} INFO - DAG(s) 'simple_time_and_hostname_log_dag' retrieved from /opt/airflow/dags/imple_time_and_hostname_log.py
[2025-12-09T18:41:34.999+0000] {logging_mixin.py:188} INFO - [2025-12-09T18:41:34.999+0000] {dag.py:3096} INFO - Sync 1 DAGs
[2025-12-09T18:41:35.063+0000] {logging_mixin.py:188} INFO - [2025-12-09T18:41:35.063+0000] {dag.py:3954} INFO - Setting next_dagrun for simple_time_and_hostname_log_dag to 2025-12-09 18:40:00+00:00, run_after=2025-12-09 18:41:00+00:00
[2025-12-09T18:41:35.150+0000] {processor.py:183} INFO - Processing /opt/airflow/dags/imple_time_and_hostname_log.py took 0.287 seconds
[2025-12-09T18:44:19.110+0000] {processor.py:161} INFO - Started process (PID=26) to work on /opt/airflow/dags/imple_time_and_hostname_log.py
[2025-12-09T18:44:19.111+0000] {processor.py:830} INFO - Processing file /opt/airflow/dags/imple_time_and_hostname_log.py for tasks to queue
[2025-12-09T18:44:19.114+0000] {logging_mixin.py:188} INFO - [2025-12-09T18:44:19.113+0000] {dagbag.py:540} INFO - Filling up the DagBag from /opt/airflow/dags/imple_time_and_hostname_log.py
[2025-12-09T18:44:19.141+0000] {processor.py:840} INFO - DAG(s) 'simple_time_and_hostname_log_dag' retrieved from /opt/airflow/dags/imple_time_and_hostname_log.py
[2025-12-09T18:41:44.800+0000] {logging_mixin.py:188} INFO - [2025-12-09T18:41:44.800+0000] {dag.py:3096} INFO - Sync 1 DAGs
[2025-12-09T18:41:44.851+0000] {logging_mixin.py:188} INFO - [2025-12-09T18:41:44.850+0000] {dag.py:3954} INFO - Setting next_dagrun for simple_time_and_hostname_log_dag to 2025-12-09 18:40:00+00:00, run_after=2025-12-09 18:41:00+00:00
[2025-12-09T18:41:44.927+0000] {processor.py:183} INFO - Processing /opt/airflow/dags/imple_time_and_hostname_log.py took 0.566 seconds
[2025-12-09T18:44:49.156+0000] {processor.py:161} INFO - Started process (PID=28) to work on /opt/airflow/dags/imple_time_and_hostname_log.py
[2025-12-09T18:44:49.157+0000] {processor.py:830} INFO - Processing file /opt/airflow/dags/imple_time_and_hostname_log.py for tasks to queue
[2025-12-09T18:44:49.160+0000] {logging_mixin.py:188} INFO - [2025-12-09T18:44:49.159+0000] {dagbag.py:540} INFO - Filling up the DagBag from /opt/airflow/dags/imple_time_and_hostname_log.py
[2025-12-09T18:44:49.187+0000] {processor.py:840} INFO - DAG(s) 'simple_time_and_hostname_log_dag' retrieved from /opt/airflow/dags/imple_time_and_hostname_log.py
[2025-12-09T18:42:14.529+0000] {logging_mixin.py:188} INFO - [2025-12-09T18:42:14.528+0000] {dag.py:3096} INFO - Sync 1 DAGs
[2025-12-09T18:42:14.583+0000] {logging_mixin.py:188} INFO - [2025-12-09T18:42:14.582+0000] {dag.py:3954} INFO - Setting next_dagrun for simple_time_and_hostname_log_dag to 2025-12-09 18:41:00+00:00, run_after=2025-12-09 18:42:00+00:00
[2025-12-09T18:42:14.680+0000] {processor.py:183} INFO - Processing /opt/airflow/dags/imple_time_and_hostname_log.py took 0.257 seconds
[2025-12-09T18:42:19.544+0000] {processor.py:161} INFO - Started process (PID=30) to work on /opt/airflow/dags/imple_time_and_hostname_log.py
[2025-12-09T18:42:19.545+0000] {processor.py:830} INFO - Processing file /opt/airflow/dags/imple_time_and_hostname_log.py for tasks to queue
[2025-12-09T18:42:19.548+0000] {logging_mixin.py:188} INFO - [2025-12-09T18:42:19.547+0000] {dagbag.py:540} INFO - Filling up the DagBag from /opt/airflow/dags/imple_time_and_hostname_log.py
[2025-12-09T18:42:19.576+0000] {processor.py:840} INFO - DAG(s) 'simple_time_and_hostname_log_dag' retrieved from /opt/airflow/dags/imple_time_and_hostname_log.py
[2025-12-09T18:42:19.621+0000] {logging_mixin.py:188} INFO - [2025-12-09T18:42:19.620+0000] {dag.py:3096} INFO - Sync 1 DAGs
[2025-12-09T18:42:19.720+0000] {logging_mixin.py:188} INFO - [2025-12-09T18:42:19.720+0000] {dag.py:3954} INFO - Setting next_dagrun for simple_time_and_hostname_log_dag to 2025-12-09 18:41:00+00:00, run_after=2025-12-09 18:42:00+00:00
[2025-12-09T18:42:19.811+0000] {processor.py:183} INFO - Processing /opt/airflow/dags/imple_time_and_hostname_log.py took 0.277 seconds
[2025-12-09T18:45:04.704+0000] {processor.py:161} INFO - Started process (PID=32) to work on /opt/airflow/dags/imple_time_and_hostname_log.py
[2025-12-09T18:45:04.705+0000] {processor.py:830} INFO - Processing file /opt/airflow/dags/imple_time_and_hostname_log.py for tasks to queue
[2025-12-09T18:45:04.708+0000] {logging_mixin.py:188} INFO - [2025-12-09T18:45:04.708+0000] {dagbag.py:540} INFO - Filling up the DagBag from /opt/airflow/dags/imple_time_and_hostname_log.py
[2025-12-09T18:45:04.735+0000] {processor.py:840} INFO - DAG(s) 'simple_time_and_hostname_log_dag' retrieved from /opt/airflow/dags/imple_time_and_hostname_log.py
[2025-12-09T18:45:04.800+0000] {logging_mixin.py:188} INFO - [2025-12-09T18:45:04.800+0000] {dag.py:3096} INFO - Sync 1 DAGs
[2025-12-09T18:45:04.851+0000] {logging_mixin.py:188} INFO - [2025-12-09T18:45:04.851+0000] {dag.py:3954} INFO - Setting next_dagrun for simple_time_and_hostname_log_dag to 2025-12-09 18:44:00+00:00, run_after=2025-12-09 18:45:00+00:00
[2025-12-09T18:45:04.977+0000] {processor.py:183} INFO - Processing /opt/airflow/dags/imple_time_and_hostname_log.py took 0.282 seconds
[2025-12-09T18:45:44.248+0000] {processor.py:161} INFO - Started process (PID=35) to work on /opt/airflow/dags/imple_time_and_hostname_log.py
[2025-12-09T18:45:44.250+0000] {processor.py:830} INFO - Processing file /opt/airflow/dags/imple_time_and_hostname_log.py for tasks to queue
[2025-12-09T18:45:44.253+0000] {logging_mixin.py:188} INFO - [2025-12-09T18:45:44.252+0000] {dagbag.py:540} INFO - Filling up the DagBag from /opt/airflow/dags/imple_time_and_hostname_log.py
[2025-12-09T18:45:44.283+0000] {processor.py:840} INFO - DAG(s) 'simple_time_and_hostname_log_dag' retrieved from /opt/airflow/dags/imple_time_and_hostname_log.py
[2025-12-09T18:45:44.355+0000] {logging_mixin.py:188} INFO - [2025-12-09T18:45:44.354+0000] {dag.py:3096} INFO - Sync 1 DAGs
[2025-12-09T18:43:09.672+0000] {logging_mixin.py:188} INFO - [2025-12-09T18:43:09.672+0000] {dag.py:3954} INFO - Setting next_dagrun for simple_time_and_hostname_log_dag to 2025-12-09 18:42:00+00:00, run_after=2025-12-09 18:43:00+00:00
[2025-12-09T18:43:09.799+0000] {processor.py:183} INFO - Processing /opt/airflow/dags/imple_time_and_hostname_log.py took 0.298 seconds
[2025-12-09T18:43:40.266+0000] {processor.py:161} INFO - Started process (PID=37) to work on /opt/airflow/dags/imple_time_and_hostname_log.py
[2025-12-09T18:43:40.267+0000] {processor.py:830} INFO - Processing file /opt/airflow/dags/imple_time_and_hostname_log.py for tasks to queue
[2025-12-09T18:43:40.270+0000] {logging_mixin.py:188} INFO - [2025-12-09T18:43:40.270+0000] {dagbag.py:540} INFO - Filling up the DagBag from /opt/airflow/dags/imple_time_and_hostname_log.py
[2025-12-09T18:43:40.297+0000] {processor.py:840} INFO - DAG(s) 'simple_time_and_hostname_log_dag' retrieved from /opt/airflow/dags/imple_time_and_hostname_log.py
[2025-12-09T18:43:40.344+0000] {logging_mixin.py:188} INFO - [2025-12-09T18:43:40.343+0000] {dag.py:3096} INFO - Sync 1 DAGs
[2025-12-09T18:43:40.401+0000] {logging_mixin.py:188} INFO - [2025-12-09T18:43:40.401+0000] {dag.py:3954} INFO - Setting next_dagrun for simple_time_and_hostname_log_dag to 2025-12-09 18:42:00+00:00, run_after=2025-12-09 18:43:00+00:00
[2025-12-09T18:43:40.508+0000] {processor.py:183} INFO - Processing /opt/airflow/dags/imple_time_and_hostname_log.py took 0.251 seconds
[2025-12-09T18:46:19.361+0000] {processor.py:161} INFO - Started process (PID=39) to work on /opt/airflow/dags/imple_time_and_hostname_log.py
[2025-12-09T18:46:19.362+0000] {processor.py:830} INFO - Processing file /opt/airflow/dags/imple_time_and_hostname_log.py for tasks to queue
[2025-12-09T18:46:19.365+0000] {logging_mixin.py:188} INFO - [2025-12-09T18:46:19.364+0000] {dagbag.py:540} INFO - Filling up the DagBag from /opt/airflow/dags/imple_time_and_hostname_log.py
[2025-12-09T18:46:19.393+0000] {processor.py:840} INFO - DAG(s) 'simple_time_and_hostname_log_dag' retrieved from /opt/airflow/dags/imple_time_and_hostname_log.py
[2025-12-09T18:43:44.717+0000] {logging_mixin.py:188} INFO - [2025-12-09T18:43:44.717+0000] {dag.py:3096} INFO - Sync 1 DAGs
[2025-12-09T18:43:44.768+0000] {logging_mixin.py:188} INFO - [2025-12-09T18:43:44.768+0000] {dag.py:3954} INFO - Setting next_dagrun for simple_time_and_hostname_log_dag to 2025-12-09 18:42:00+00:00, run_after=2025-12-09 18:43:00+00:00
[2025-12-09T18:43:44.905+0000] {processor.py:183} INFO - Processing /opt/airflow/dags/imple_time_and_hostname_log.py took 0.297 seconds
[2025-12-09T18:46:40.007+0000] {processor.py:161} INFO - Started process (PID=42) to work on /opt/airflow/dags/imple_time_and_hostname_log.py
[2025-12-09T18:46:40.009+0000] {processor.py:830} INFO - Processing file /opt/airflow/dags/imple_time_and_hostname_log.py for tasks to queue
[2025-12-09T18:46:40.011+0000] {logging_mixin.py:188} INFO - [2025-12-09T18:46:40.011+0000] {dagbag.py:540} INFO - Filling up the DagBag from /opt/airflow/dags/imple_time_and_hostname_log.py
[2025-12-09T18:46:40.038+0000] {processor.py:840} INFO - DAG(s) 'simple_time_and_hostname_log_dag' retrieved from /opt/airflow/dags/imple_time_and_hostname_log.py
[2025-12-09T18:46:40.102+0000] {logging_mixin.py:188} INFO - [2025-12-09T18:46:40.101+0000] {dag.py:3096} INFO - Sync 1 DAGs
[2025-12-09T18:46:40.154+0000] {logging_mixin.py:188} INFO - [2025-12-09T18:46:40.154+0000] {dag.py:3954} INFO - Setting next_dagrun for simple_time_and_hostname_log_dag to 2025-12-09 18:45:00+00:00, run_after=2025-12-09 18:46:00+00:00
[2025-12-09T18:46:40.292+0000] {processor.py:183} INFO - Processing /opt/airflow/dags/imple_time_and_hostname_log.py took 0.293 seconds
[2025-12-09T18:47:10.772+0000] {processor.py:161} INFO - Started process (PID=44) to work on /opt/airflow/dags/imple_time_and_hostname_log.py
[2025-12-09T18:47:10.774+0000] {processor.py:830} INFO - Processing file /opt/airflow/dags/imple_time_and_hostname_log.py for tasks to queue
[2025-12-09T18:47:10.777+0000] {logging_mixin.py:188} INFO - [2025-12-09T18:47:10.776+0000] {dagbag.py:540} INFO - Filling up the DagBag from /opt/airflow/dags/imple_time_and_hostname_log.py
[2025-12-09T18:47:10.805+0000] {processor.py:840} INFO - DAG(s) 'simple_time_and_hostname_log_dag' retrieved from /opt/airflow/dags/imple_time_and_hostname_log.py
[2025-12-09T18:47:10.872+0000] {logging_mixin.py:188} INFO - [2025-12-09T18:47:10.872+0000] {dag.py:3096} INFO - Sync 1 DAGs
[2025-12-09T18:47:10.925+0000] {logging_mixin.py:188} INFO - [2025-12-09T18:47:10.925+0000] {dag.py:3954} INFO - Setting next_dagrun for simple_time_and_hostname_log_dag to 2025-12-09 18:46:00+00:00, run_after=2025-12-09 18:47:00+00:00
[2025-12-09T18:47:11.041+0000] {processor.py:183} INFO - Processing /opt/airflow/dags/imple_time_and_hostname_log.py took 0.277 seconds
[2025-12-09T18:47:49.533+0000] {processor.py:161} INFO - Started process (PID=46) to work on /opt/airflow/dags/imple_time_and_hostname_log.py
[2025-12-09T18:47:49.534+0000] {processor.py:830} INFO - Processing file /opt/airflow/dags/imple_time_and_hostname_log.py for tasks to queue
[2025-12-09T18:47:49.537+0000] {logging_mixin.py:188} INFO - [2025-12-09T18:47:49.536+0000] {dagbag.py:540} INFO - Filling up the DagBag from /opt/airflow/dags/imple_time_and_hostname_log.py
[2025-12-09T18:47:49.565+0000] {processor.py:840} INFO - DAG(s) 'simple_time_and_hostname_log_dag' retrieved from /opt/airflow/dags/imple_time_and_hostname_log.py
[2025-12-09T18:47:49.609+0000] {logging_mixin.py:188} INFO - [2025-12-09T18:47:49.609+0000] {dag.py:3096} INFO - Sync 1 DAGs
[2025-12-09T18:47:49.663+0000] {logging_mixin.py:188} INFO - [2025-12-09T18:47:49.662+0000] {dag.py:3954} INFO - Setting next_dagrun for simple_time_and_hostname_log_dag to 2025-12-09 18:46:00+00:00, run_after=2025-12-09 18:47:00+00:00
[2025-12-09T18:45:15.064+0000] {processor.py:183} INFO - Processing /opt/airflow/dags/imple_time_and_hostname_log.py took 0.285 seconds
[2025-12-09T18:47:54.631+0000] {processor.py:161} INFO - Started process (PID=49) to work on /opt/airflow/dags/imple_time_and_hostname_log.py
[2025-12-09T18:47:54.633+0000] {processor.py:830} INFO - Processing file /opt/airflow/dags/imple_time_and_hostname_log.py for tasks to queue
[2025-12-09T18:47:54.636+0000] {logging_mixin.py:188} INFO - [2025-12-09T18:47:54.635+0000] {dagbag.py:540} INFO - Filling up the DagBag from /opt/airflow/dags/imple_time_and_hostname_log.py
[2025-12-09T18:47:54.663+0000] {processor.py:840} INFO - DAG(s) 'simple_time_and_hostname_log_dag' retrieved from /opt/airflow/dags/imple_time_and_hostname_log.py
[2025-12-09T18:45:20.123+0000] {logging_mixin.py:188} INFO - [2025-12-09T18:45:20.123+0000] {dag.py:3096} INFO - Sync 1 DAGs
[2025-12-09T18:45:20.173+0000] {logging_mixin.py:188} INFO - [2025-12-09T18:45:20.172+0000] {dag.py:3954} INFO - Setting next_dagrun for simple_time_and_hostname_log_dag to 2025-12-09 18:44:00+00:00, run_after=2025-12-09 18:45:00+00:00
[2025-12-09T18:45:20.283+0000] {processor.py:183} INFO - Processing /opt/airflow/dags/imple_time_and_hostname_log.py took 0.405 seconds
[2025-12-09T18:45:50.634+0000] {processor.py:161} INFO - Started process (PID=51) to work on /opt/airflow/dags/imple_time_and_hostname_log.py
[2025-12-09T18:45:50.636+0000] {processor.py:830} INFO - Processing file /opt/airflow/dags/imple_time_and_hostname_log.py for tasks to queue
[2025-12-09T18:45:50.639+0000] {logging_mixin.py:188} INFO - [2025-12-09T18:45:50.638+0000] {dagbag.py:540} INFO - Filling up the DagBag from /opt/airflow/dags/imple_time_and_hostname_log.py
[2025-12-09T18:45:50.667+0000] {processor.py:840} INFO - DAG(s) 'simple_time_and_hostname_log_dag' retrieved from /opt/airflow/dags/imple_time_and_hostname_log.py
[2025-12-09T18:45:50.748+0000] {logging_mixin.py:188} INFO - [2025-12-09T18:45:50.748+0000] {dag.py:3096} INFO - Sync 1 DAGs
[2025-12-09T18:45:50.802+0000] {logging_mixin.py:188} INFO - [2025-12-09T18:45:50.801+0000] {dag.py:3954} INFO - Setting next_dagrun for simple_time_and_hostname_log_dag to 2025-12-09 18:44:00+00:00, run_after=2025-12-09 18:45:00+00:00
[2025-12-09T18:45:50.900+0000] {processor.py:183} INFO - Processing /opt/airflow/dags/imple_time_and_hostname_log.py took 0.274 seconds
[2025-12-09T18:48:29.739+0000] {processor.py:161} INFO - Started process (PID=53) to work on /opt/airflow/dags/imple_time_and_hostname_log.py
[2025-12-09T18:48:29.741+0000] {processor.py:830} INFO - Processing file /opt/airflow/dags/imple_time_and_hostname_log.py for tasks to queue
[2025-12-09T18:48:29.744+0000] {logging_mixin.py:188} INFO - [2025-12-09T18:48:29.743+0000] {dagbag.py:540} INFO - Filling up the DagBag from /opt/airflow/dags/imple_time_and_hostname_log.py
[2025-12-09T18:45:55.034+0000] {processor.py:840} INFO - DAG(s) 'simple_time_and_hostname_log_dag' retrieved from /opt/airflow/dags/imple_time_and_hostname_log.py
[2025-12-09T18:45:55.120+0000] {logging_mixin.py:188} INFO - [2025-12-09T18:45:55.119+0000] {dag.py:3096} INFO - Sync 1 DAGs
[2025-12-09T18:45:55.179+0000] {logging_mixin.py:188} INFO - [2025-12-09T18:45:55.178+0000] {dag.py:3954} INFO - Setting next_dagrun for simple_time_and_hostname_log_dag to 2025-12-09 18:44:00+00:00, run_after=2025-12-09 18:45:00+00:00
[2025-12-09T18:45:55.329+0000] {processor.py:183} INFO - Processing /opt/airflow/dags/imple_time_and_hostname_log.py took 0.344 seconds
[2025-12-09T18:46:25.756+0000] {processor.py:161} INFO - Started process (PID=56) to work on /opt/airflow/dags/imple_time_and_hostname_log.py
[2025-12-09T18:46:25.758+0000] {processor.py:830} INFO - Processing file /opt/airflow/dags/imple_time_and_hostname_log.py for tasks to queue
[2025-12-09T18:46:25.760+0000] {logging_mixin.py:188} INFO - [2025-12-09T18:46:25.760+0000] {dagbag.py:540} INFO - Filling up the DagBag from /opt/airflow/dags/imple_time_and_hostname_log.py
[2025-12-09T18:46:25.788+0000] {processor.py:840} INFO - DAG(s) 'simple_time_and_hostname_log_dag' retrieved from /opt/airflow/dags/imple_time_and_hostname_log.py
[2025-12-09T18:46:25.853+0000] {logging_mixin.py:188} INFO - [2025-12-09T18:46:25.852+0000] {dag.py:3096} INFO - Sync 1 DAGs
[2025-12-09T18:46:25.904+0000] {logging_mixin.py:188} INFO - [2025-12-09T18:46:25.904+0000] {dag.py:3954} INFO - Setting next_dagrun for simple_time_and_hostname_log_dag to 2025-12-09 18:45:00+00:00, run_after=2025-12-09 18:46:00+00:00
[2025-12-09T18:46:26.036+0000] {processor.py:183} INFO - Processing /opt/airflow/dags/imple_time_and_hostname_log.py took 0.288 seconds
[2025-12-09T18:46:30.165+0000] {processor.py:161} INFO - Started process (PID=58) to work on /opt/airflow/dags/imple_time_and_hostname_log.py
[2025-12-09T18:46:30.166+0000] {processor.py:830} INFO - Processing file /opt/airflow/dags/imple_time_and_hostname_log.py for tasks to queue
[2025-12-09T18:46:30.168+0000] {logging_mixin.py:188} INFO - [2025-12-09T18:46:30.168+0000] {dagbag.py:540} INFO - Filling up the DagBag from /opt/airflow/dags/imple_time_and_hostname_log.py
[2025-12-09T18:46:30.198+0000] {processor.py:840} INFO - DAG(s) 'simple_time_and_hostname_log_dag' retrieved from /opt/airflow/dags/imple_time_and_hostname_log.py
[2025-12-09T18:46:30.261+0000] {logging_mixin.py:188} INFO - [2025-12-09T18:46:30.261+0000] {dag.py:3096} INFO - Sync 1 DAGs
[2025-12-09T18:46:30.316+0000] {logging_mixin.py:188} INFO - [2025-12-09T18:46:30.315+0000] {dag.py:3954} INFO - Setting next_dagrun for simple_time_and_hostname_log_dag to 2025-12-09 18:45:00+00:00, run_after=2025-12-09 18:46:00+00:00
[2025-12-09T18:46:30.396+0000] {processor.py:183} INFO - Processing /opt/airflow/dags/imple_time_and_hostname_log.py took 0.240 seconds
[2025-12-09T18:49:34.579+0000] {processor.py:161} INFO - Started process (PID=61) to work on /opt/airflow/dags/imple_time_and_hostname_log.py
[2025-12-09T18:49:34.580+0000] {processor.py:830} INFO - Processing file /opt/airflow/dags/imple_time_and_hostname_log.py for tasks to queue
[2025-12-09T18:49:34.583+0000] {logging_mixin.py:188} INFO - [2025-12-09T18:49:34.583+0000] {dagbag.py:540} INFO - Filling up the DagBag from /opt/airflow/dags/imple_time_and_hostname_log.py
[2025-12-09T18:46:59.880+0000] {processor.py:840} INFO - DAG(s) 'simple_time_and_hostname_log_dag' retrieved from /opt/airflow/dags/imple_time_and_hostname_log.py
[2025-12-09T18:46:59.949+0000] {logging_mixin.py:188} INFO - [2025-12-09T18:46:59.949+0000] {dag.py:3096} INFO - Sync 1 DAGs
[2025-12-09T18:49:34.736+0000] {logging_mixin.py:188} INFO - [2025-12-09T18:49:34.736+0000] {dag.py:3954} INFO - Setting next_dagrun for simple_time_and_hostname_log_dag to 2025-12-09 18:48:00+00:00, run_after=2025-12-09 18:49:00+00:00
[2025-12-09T18:49:34.897+0000] {processor.py:183} INFO - Processing /opt/airflow/dags/imple_time_and_hostname_log.py took 0.325 seconds
[2025-12-09T18:49:59.910+0000] {processor.py:161} INFO - Started process (PID=24) to work on /opt/airflow/dags/imple_time_and_hostname_log.py
[2025-12-09T18:49:59.912+0000] {processor.py:830} INFO - Processing file /opt/airflow/dags/imple_time_and_hostname_log.py for tasks to queue
[2025-12-09T18:49:59.915+0000] {logging_mixin.py:188} INFO - [2025-12-09T18:49:59.914+0000] {dagbag.py:540} INFO - Filling up the DagBag from /opt/airflow/dags/imple_time_and_hostname_log.py
[2025-12-09T18:49:59.946+0000] {processor.py:840} INFO - DAG(s) 'simple_time_and_hostname_log_dag' retrieved from /opt/airflow/dags/imple_time_and_hostname_log.py
[2025-12-09T18:50:00.012+0000] {logging_mixin.py:188} INFO - [2025-12-09T18:50:00.012+0000] {dag.py:3096} INFO - Sync 1 DAGs
[2025-12-09T18:50:00.063+0000] {logging_mixin.py:188} INFO - [2025-12-09T18:50:00.063+0000] {dag.py:3954} INFO - Setting next_dagrun for simple_time_and_hostname_log_dag to 2025-12-09 18:49:00+00:00, run_after=2025-12-09 18:50:00+00:00
[2025-12-09T18:50:00.185+0000] {processor.py:183} INFO - Processing /opt/airflow/dags/imple_time_and_hostname_log.py took 0.284 seconds
[2025-12-09T18:53:00.264+0000] {processor.py:161} INFO - Started process (PID=26) to work on /opt/airflow/dags/imple_time_and_hostname_log.py
[2025-12-09T18:53:00.265+0000] {processor.py:830} INFO - Processing file /opt/airflow/dags/imple_time_and_hostname_log.py for tasks to queue
[2025-12-09T18:53:00.269+0000] {logging_mixin.py:188} INFO - [2025-12-09T18:53:00.268+0000] {dagbag.py:540} INFO - Filling up the DagBag from /opt/airflow/dags/imple_time_and_hostname_log.py
[2025-12-09T18:53:00.296+0000] {processor.py:840} INFO - DAG(s) 'simple_time_and_hostname_log_dag' retrieved from /opt/airflow/dags/imple_time_and_hostname_log.py
[2025-12-09T18:50:25.784+0000] {logging_mixin.py:188} INFO - [2025-12-09T18:50:25.784+0000] {dag.py:3096} INFO - Sync 1 DAGs
[2025-12-09T18:50:25.836+0000] {logging_mixin.py:188} INFO - [2025-12-09T18:50:25.835+0000] {dag.py:3954} INFO - Setting next_dagrun for simple_time_and_hostname_log_dag to 2025-12-09 18:49:00+00:00, run_after=2025-12-09 18:50:00+00:00
[2025-12-09T18:50:25.935+0000] {processor.py:183} INFO - Processing /opt/airflow/dags/imple_time_and_hostname_log.py took 0.407 seconds
[2025-12-09T18:55:57.155+0000] {processor.py:161} INFO - Started process (PID=24) to work on /opt/airflow/dags/imple_time_and_hostname_log.py
[2025-12-09T18:55:57.157+0000] {processor.py:830} INFO - Processing file /opt/airflow/dags/imple_time_and_hostname_log.py for tasks to queue
[2025-12-09T18:55:57.159+0000] {logging_mixin.py:188} INFO - [2025-12-09T18:55:57.158+0000] {dagbag.py:540} INFO - Filling up the DagBag from /opt/airflow/dags/imple_time_and_hostname_log.py
[2025-12-09T18:55:57.195+0000] {processor.py:840} INFO - DAG(s) 'simple_time_and_hostname_log_dag' retrieved from /opt/airflow/dags/imple_time_and_hostname_log.py
[2025-12-09T18:55:57.266+0000] {logging_mixin.py:188} INFO - [2025-12-09T18:55:57.265+0000] {dag.py:3096} INFO - Sync 1 DAGs
[2025-12-09T18:55:57.319+0000] {logging_mixin.py:188} INFO - [2025-12-09T18:55:57.319+0000] {dag.py:3954} INFO - Setting next_dagrun for simple_time_and_hostname_log_dag to 2025-12-09 18:54:00+00:00, run_after=2025-12-09 18:55:00+00:00
[2025-12-09T18:55:57.476+0000] {processor.py:183} INFO - Processing /opt/airflow/dags/imple_time_and_hostname_log.py took 0.330 seconds
[2025-12-09T18:53:56.164+0000] {processor.py:161} INFO - Started process (PID=26) to work on /opt/airflow/dags/imple_time_and_hostname_log.py
[2025-12-09T18:53:56.165+0000] {processor.py:830} INFO - Processing file /opt/airflow/dags/imple_time_and_hostname_log.py for tasks to queue
[2025-12-09T18:53:56.167+0000] {logging_mixin.py:188} INFO - [2025-12-09T18:53:56.167+0000] {dagbag.py:540} INFO - Filling up the DagBag from /opt/airflow/dags/imple_time_and_hostname_log.py
[2025-12-09T18:53:56.196+0000] {processor.py:840} INFO - DAG(s) 'simple_time_and_hostname_log_dag' retrieved from /opt/airflow/dags/imple_time_and_hostname_log.py
[2025-12-09T18:53:56.241+0000] {logging_mixin.py:188} INFO - [2025-12-09T18:53:56.241+0000] {dag.py:3096} INFO - Sync 1 DAGs
[2025-12-09T18:53:56.303+0000] {logging_mixin.py:188} INFO - [2025-12-09T18:53:56.303+0000] {dag.py:3954} INFO - Setting next_dagrun for simple_time_and_hostname_log_dag to 2025-12-09 18:52:00+00:00, run_after=2025-12-09 18:53:00+00:00
[2025-12-09T18:53:56.406+0000] {processor.py:183} INFO - Processing /opt/airflow/dags/imple_time_and_hostname_log.py took 0.251 seconds
[2025-12-09T18:54:26.692+0000] {processor.py:161} INFO - Started process (PID=28) to work on /opt/airflow/dags/imple_time_and_hostname_log.py
[2025-12-09T18:54:26.694+0000] {processor.py:830} INFO - Processing file /opt/airflow/dags/imple_time_and_hostname_log.py for tasks to queue
[2025-12-09T18:54:26.696+0000] {logging_mixin.py:188} INFO - [2025-12-09T18:54:26.696+0000] {dagbag.py:540} INFO - Filling up the DagBag from /opt/airflow/dags/imple_time_and_hostname_log.py
[2025-12-09T18:54:26.726+0000] {processor.py:840} INFO - DAG(s) 'simple_time_and_hostname_log_dag' retrieved from /opt/airflow/dags/imple_time_and_hostname_log.py
[2025-12-09T18:54:26.774+0000] {logging_mixin.py:188} INFO - [2025-12-09T18:54:26.773+0000] {dag.py:3096} INFO - Sync 1 DAGs
[2025-12-09T18:54:26.832+0000] {logging_mixin.py:188} INFO - [2025-12-09T18:54:26.832+0000] {dag.py:3954} INFO - Setting next_dagrun for simple_time_and_hostname_log_dag to 2025-12-09 18:53:00+00:00, run_after=2025-12-09 18:54:00+00:00
[2025-12-09T18:54:26.936+0000] {processor.py:183} INFO - Processing /opt/airflow/dags/imple_time_and_hostname_log.py took 0.252 seconds
[2025-12-09T18:57:05.786+0000] {processor.py:161} INFO - Started process (PID=30) to work on /opt/airflow/dags/imple_time_and_hostname_log.py
[2025-12-09T18:57:05.788+0000] {processor.py:830} INFO - Processing file /opt/airflow/dags/imple_time_and_hostname_log.py for tasks to queue
[2025-12-09T18:57:05.790+0000] {logging_mixin.py:188} INFO - [2025-12-09T18:57:05.790+0000] {dagbag.py:540} INFO - Filling up the DagBag from /opt/airflow/dags/imple_time_and_hostname_log.py
[2025-12-09T18:57:05.823+0000] {processor.py:840} INFO - DAG(s) 'simple_time_and_hostname_log_dag' retrieved from /opt/airflow/dags/imple_time_and_hostname_log.py
[2025-12-09T18:54:31.515+0000] {logging_mixin.py:188} INFO - [2025-12-09T18:54:31.514+0000] {dag.py:3096} INFO - Sync 1 DAGs
[2025-12-09T18:54:31.593+0000] {logging_mixin.py:188} INFO - [2025-12-09T18:54:31.592+0000] {dag.py:3954} INFO - Setting next_dagrun for simple_time_and_hostname_log_dag to 2025-12-09 18:53:00+00:00, run_after=2025-12-09 18:54:00+00:00
[2025-12-09T18:54:31.668+0000] {processor.py:183} INFO - Processing /opt/airflow/dags/imple_time_and_hostname_log.py took 0.628 seconds
[2025-12-09T18:54:59.983+0000] {processor.py:161} INFO - Started process (PID=32) to work on /opt/airflow/dags/imple_time_and_hostname_log.py
[2025-12-09T18:54:59.984+0000] {processor.py:830} INFO - Processing file /opt/airflow/dags/imple_time_and_hostname_log.py for tasks to queue
[2025-12-09T18:54:59.987+0000] {logging_mixin.py:188} INFO - [2025-12-09T18:54:59.986+0000] {dagbag.py:540} INFO - Filling up the DagBag from /opt/airflow/dags/imple_time_and_hostname_log.py
[2025-12-09T18:55:00.128+0000] {processor.py:840} INFO - DAG(s) 'simple_time_and_hostname_log_dag' retrieved from /opt/airflow/dags/imple_time_and_hostname_log.py
[2025-12-09T18:55:00.286+0000] {logging_mixin.py:188} INFO - [2025-12-09T18:55:00.285+0000] {dag.py:3096} INFO - Sync 1 DAGs
[2025-12-09T18:55:00.399+0000] {logging_mixin.py:188} INFO - [2025-12-09T18:55:00.399+0000] {dag.py:3954} INFO - Setting next_dagrun for simple_time_and_hostname_log_dag to 2025-12-09 18:54:00+00:00, run_after=2025-12-09 18:55:00+00:00
[2025-12-09T18:55:00.507+0000] {processor.py:183} INFO - Processing /opt/airflow/dags/imple_time_and_hostname_log.py took 0.533 seconds
[2025-12-09T18:58:04.597+0000] {processor.py:161} INFO - Started process (PID=34) to work on /opt/airflow/dags/imple_time_and_hostname_log.py
[2025-12-09T18:58:04.599+0000] {processor.py:830} INFO - Processing file /opt/airflow/dags/imple_time_and_hostname_log.py for tasks to queue
[2025-12-09T18:58:04.601+0000] {logging_mixin.py:188} INFO - [2025-12-09T18:58:04.601+0000] {dagbag.py:540} INFO - Filling up the DagBag from /opt/airflow/dags/imple_time_and_hostname_log.py
[2025-12-09T18:58:04.632+0000] {processor.py:840} INFO - DAG(s) 'simple_time_and_hostname_log_dag' retrieved from /opt/airflow/dags/imple_time_and_hostname_log.py
[2025-12-09T18:55:29.987+0000] {logging_mixin.py:188} INFO - [2025-12-09T18:55:29.986+0000] {dag.py:3096} INFO - Sync 1 DAGs
[2025-12-09T18:55:30.049+0000] {logging_mixin.py:188} INFO - [2025-12-09T18:55:30.048+0000] {dag.py:3954} INFO - Setting next_dagrun for simple_time_and_hostname_log_dag to 2025-12-09 18:54:00+00:00, run_after=2025-12-09 18:55:00+00:00
[2025-12-09T18:55:30.191+0000] {processor.py:183} INFO - Processing /opt/airflow/dags/imple_time_and_hostname_log.py took 0.330 seconds
[2025-12-09T18:58:05.958+0000] {processor.py:161} INFO - Started process (PID=36) to work on /opt/airflow/dags/imple_time_and_hostname_log.py
[2025-12-09T18:58:05.960+0000] {processor.py:830} INFO - Processing file /opt/airflow/dags/imple_time_and_hostname_log.py for tasks to queue
[2025-12-09T18:58:05.962+0000] {logging_mixin.py:188} INFO - [2025-12-09T18:58:05.962+0000] {dagbag.py:540} INFO - Filling up the DagBag from /opt/airflow/dags/imple_time_and_hostname_log.py
[2025-12-09T18:58:05.991+0000] {processor.py:840} INFO - DAG(s) 'simple_time_and_hostname_log_dag' retrieved from /opt/airflow/dags/imple_time_and_hostname_log.py
[2025-12-09T18:55:31.331+0000] {logging_mixin.py:188} INFO - [2025-12-09T18:55:31.330+0000] {dag.py:3096} INFO - Sync 1 DAGs
[2025-12-09T18:55:31.426+0000] {logging_mixin.py:188} INFO - [2025-12-09T18:55:31.426+0000] {dag.py:3954} INFO - Setting next_dagrun for simple_time_and_hostname_log_dag to 2025-12-09 18:54:00+00:00, run_after=2025-12-09 18:55:00+00:00
[2025-12-09T18:55:31.569+0000] {processor.py:183} INFO - Processing /opt/airflow/dags/imple_time_and_hostname_log.py took 0.350 seconds
[2025-12-09T18:56:00.030+0000] {processor.py:161} INFO - Started process (PID=38) to work on /opt/airflow/dags/imple_time_and_hostname_log.py
[2025-12-09T18:56:00.033+0000] {processor.py:830} INFO - Processing file /opt/airflow/dags/imple_time_and_hostname_log.py for tasks to queue
[2025-12-09T18:56:00.039+0000] {logging_mixin.py:188} INFO - [2025-12-09T18:56:00.038+0000] {dagbag.py:540} INFO - Filling up the DagBag from /opt/airflow/dags/imple_time_and_hostname_log.py
[2025-12-09T18:56:01.664+0000] {processor.py:840} INFO - DAG(s) 'simple_time_and_hostname_log_dag' retrieved from /opt/airflow/dags/imple_time_and_hostname_log.py
[2025-12-09T18:56:01.780+0000] {logging_mixin.py:188} INFO - [2025-12-09T18:56:01.779+0000] {dag.py:3096} INFO - Sync 1 DAGs
[2025-12-09T18:56:01.935+0000] {logging_mixin.py:188} INFO - [2025-12-09T18:56:01.934+0000] {dag.py:3954} INFO - Setting next_dagrun for simple_time_and_hostname_log_dag to 2025-12-09 18:55:00+00:00, run_after=2025-12-09 18:56:00+00:00
[2025-12-09T18:56:02.122+0000] {processor.py:183} INFO - Processing /opt/airflow/dags/imple_time_and_hostname_log.py took 2.124 seconds
[2025-12-09T18:58:40.939+0000] {processor.py:161} INFO - Started process (PID=40) to work on /opt/airflow/dags/imple_time_and_hostname_log.py
[2025-12-09T18:58:40.940+0000] {processor.py:830} INFO - Processing file /opt/airflow/dags/imple_time_and_hostname_log.py for tasks to queue
[2025-12-09T18:58:40.949+0000] {logging_mixin.py:188} INFO - [2025-12-09T18:58:40.943+0000] {dagbag.py:540} INFO - Filling up the DagBag from /opt/airflow/dags/imple_time_and_hostname_log.py
[2025-12-09T18:58:41.028+0000] {processor.py:840} INFO - DAG(s) 'simple_time_and_hostname_log_dag' retrieved from /opt/airflow/dags/imple_time_and_hostname_log.py
[2025-12-09T18:56:06.672+0000] {logging_mixin.py:188} INFO - [2025-12-09T18:56:06.672+0000] {dag.py:3096} INFO - Sync 1 DAGs
[2025-12-09T18:56:06.756+0000] {logging_mixin.py:188} INFO - [2025-12-09T18:56:06.755+0000] {dag.py:3954} INFO - Setting next_dagrun for simple_time_and_hostname_log_dag to 2025-12-09 18:55:00+00:00, run_after=2025-12-09 18:56:00+00:00
[2025-12-09T18:56:06.880+0000] {processor.py:183} INFO - Processing /opt/airflow/dags/imple_time_and_hostname_log.py took 0.680 seconds
[2025-12-09T18:56:37.222+0000] {processor.py:161} INFO - Started process (PID=44) to work on /opt/airflow/dags/imple_time_and_hostname_log.py
[2025-12-09T18:56:37.224+0000] {processor.py:830} INFO - Processing file /opt/airflow/dags/imple_time_and_hostname_log.py for tasks to queue
[2025-12-09T18:56:37.226+0000] {logging_mixin.py:188} INFO - [2025-12-09T18:56:37.226+0000] {dagbag.py:540} INFO - Filling up the DagBag from /opt/airflow/dags/imple_time_and_hostname_log.py
[2025-12-09T18:56:37.254+0000] {processor.py:840} INFO - DAG(s) 'simple_time_and_hostname_log_dag' retrieved from /opt/airflow/dags/imple_time_and_hostname_log.py
[2025-12-09T18:56:37.300+0000] {logging_mixin.py:188} INFO - [2025-12-09T18:56:37.299+0000] {dag.py:3096} INFO - Sync 1 DAGs
[2025-12-09T18:56:37.356+0000] {logging_mixin.py:188} INFO - [2025-12-09T18:56:37.356+0000] {dag.py:3954} INFO - Setting next_dagrun for simple_time_and_hostname_log_dag to 2025-12-09 18:55:00+00:00, run_after=2025-12-09 18:56:00+00:00
[2025-12-09T18:56:37.454+0000] {processor.py:183} INFO - Processing /opt/airflow/dags/imple_time_and_hostname_log.py took 0.240 seconds
[2025-12-09T18:59:16.038+0000] {processor.py:161} INFO - Started process (PID=46) to work on /opt/airflow/dags/imple_time_and_hostname_log.py
[2025-12-09T18:59:16.039+0000] {processor.py:830} INFO - Processing file /opt/airflow/dags/imple_time_and_hostname_log.py for tasks to queue
[2025-12-09T18:59:16.042+0000] {logging_mixin.py:188} INFO - [2025-12-09T18:59:16.042+0000] {dagbag.py:540} INFO - Filling up the DagBag from /opt/airflow/dags/imple_time_and_hostname_log.py
[2025-12-09T18:59:16.072+0000] {processor.py:840} INFO - DAG(s) 'simple_time_and_hostname_log_dag' retrieved from /opt/airflow/dags/imple_time_and_hostname_log.py
[2025-12-09T18:59:16.138+0000] {logging_mixin.py:188} INFO - [2025-12-09T18:59:16.138+0000] {dag.py:3096} INFO - Sync 1 DAGs
[2025-12-09T18:56:41.468+0000] {logging_mixin.py:188} INFO - [2025-12-09T18:56:41.467+0000] {dag.py:3954} INFO - Setting next_dagrun for simple_time_and_hostname_log_dag to 2025-12-09 18:55:00+00:00, run_after=2025-12-09 18:56:00+00:00
[2025-12-09T18:56:41.577+0000] {processor.py:183} INFO - Processing /opt/airflow/dags/imple_time_and_hostname_log.py took 0.274 seconds
[2025-12-09T18:57:12.011+0000] {processor.py:161} INFO - Started process (PID=48) to work on /opt/airflow/dags/imple_time_and_hostname_log.py
[2025-12-09T18:57:12.013+0000] {processor.py:830} INFO - Processing file /opt/airflow/dags/imple_time_and_hostname_log.py for tasks to queue
[2025-12-09T18:57:12.015+0000] {logging_mixin.py:188} INFO - [2025-12-09T18:57:12.015+0000] {dagbag.py:540} INFO - Filling up the DagBag from /opt/airflow/dags/imple_time_and_hostname_log.py
[2025-12-09T18:57:12.043+0000] {processor.py:840} INFO - DAG(s) 'simple_time_and_hostname_log_dag' retrieved from /opt/airflow/dags/imple_time_and_hostname_log.py
[2025-12-09T18:57:12.087+0000] {logging_mixin.py:188} INFO - [2025-12-09T18:57:12.087+0000] {dag.py:3096} INFO - Sync 1 DAGs
[2025-12-09T18:57:12.140+0000] {logging_mixin.py:188} INFO - [2025-12-09T18:57:12.140+0000] {dag.py:3954} INFO - Setting next_dagrun for simple_time_and_hostname_log_dag to 2025-12-09 18:56:00+00:00, run_after=2025-12-09 18:57:00+00:00
[2025-12-09T18:57:12.281+0000] {processor.py:183} INFO - Processing /opt/airflow/dags/imple_time_and_hostname_log.py took 0.277 seconds
[2025-12-09T18:59:51.117+0000] {processor.py:161} INFO - Started process (PID=50) to work on /opt/airflow/dags/imple_time_and_hostname_log.py
[2025-12-09T18:59:51.119+0000] {processor.py:830} INFO - Processing file /opt/airflow/dags/imple_time_and_hostname_log.py for tasks to queue
[2025-12-09T18:59:51.122+0000] {logging_mixin.py:188} INFO - [2025-12-09T18:59:51.121+0000] {dagbag.py:540} INFO - Filling up the DagBag from /opt/airflow/dags/imple_time_and_hostname_log.py
[2025-12-09T18:59:51.154+0000] {processor.py:840} INFO - DAG(s) 'simple_time_and_hostname_log_dag' retrieved from /opt/airflow/dags/imple_time_and_hostname_log.py
[2025-12-09T18:57:16.501+0000] {logging_mixin.py:188} INFO - [2025-12-09T18:57:16.501+0000] {dag.py:3096} INFO - Sync 1 DAGs
[2025-12-09T18:57:16.558+0000] {logging_mixin.py:188} INFO - [2025-12-09T18:57:16.558+0000] {dag.py:3954} INFO - Setting next_dagrun for simple_time_and_hostname_log_dag to 2025-12-09 18:56:00+00:00, run_after=2025-12-09 18:57:00+00:00
[2025-12-09T18:57:16.673+0000] {processor.py:183} INFO - Processing /opt/airflow/dags/imple_time_and_hostname_log.py took 0.288 seconds
[2025-12-09T18:57:47.104+0000] {processor.py:161} INFO - Started process (PID=52) to work on /opt/airflow/dags/imple_time_and_hostname_log.py
[2025-12-09T18:57:47.106+0000] {processor.py:830} INFO - Processing file /opt/airflow/dags/imple_time_and_hostname_log.py for tasks to queue
[2025-12-09T18:57:47.108+0000] {logging_mixin.py:188} INFO - [2025-12-09T18:57:47.108+0000] {dagbag.py:540} INFO - Filling up the DagBag from /opt/airflow/dags/imple_time_and_hostname_log.py
[2025-12-09T18:57:47.134+0000] {processor.py:840} INFO - DAG(s) 'simple_time_and_hostname_log_dag' retrieved from /opt/airflow/dags/imple_time_and_hostname_log.py
[2025-12-09T18:57:47.200+0000] {logging_mixin.py:188} INFO - [2025-12-09T18:57:47.200+0000] {dag.py:3096} INFO - Sync 1 DAGs
[2025-12-09T18:57:47.256+0000] {logging_mixin.py:188} INFO - [2025-12-09T18:57:47.256+0000] {dag.py:3954} INFO - Setting next_dagrun for simple_time_and_hostname_log_dag to 2025-12-09 18:56:00+00:00, run_after=2025-12-09 18:57:00+00:00
[2025-12-09T18:57:47.390+0000] {processor.py:183} INFO - Processing /opt/airflow/dags/imple_time_and_hostname_log.py took 0.294 seconds
[2025-12-09T19:00:26.258+0000] {processor.py:161} INFO - Started process (PID=54) to work on /opt/airflow/dags/imple_time_and_hostname_log.py
[2025-12-09T19:00:26.260+0000] {processor.py:830} INFO - Processing file /opt/airflow/dags/imple_time_and_hostname_log.py for tasks to queue
[2025-12-09T19:00:26.262+0000] {logging_mixin.py:188} INFO - [2025-12-09T19:00:26.262+0000] {dagbag.py:540} INFO - Filling up the DagBag from /opt/airflow/dags/imple_time_and_hostname_log.py
[2025-12-09T18:57:51.574+0000] {processor.py:840} INFO - DAG(s) 'simple_time_and_hostname_log_dag' retrieved from /opt/airflow/dags/imple_time_and_hostname_log.py
[2025-12-09T18:57:51.670+0000] {logging_mixin.py:188} INFO - [2025-12-09T18:57:51.669+0000] {dag.py:3096} INFO - Sync 1 DAGs
[2025-12-09T18:57:51.723+0000] {logging_mixin.py:188} INFO - [2025-12-09T18:57:51.723+0000] {dag.py:3954} INFO - Setting next_dagrun for simple_time_and_hostname_log_dag to 2025-12-09 18:56:00+00:00, run_after=2025-12-09 18:57:00+00:00
[2025-12-09T18:57:51.871+0000] {processor.py:183} INFO - Processing /opt/airflow/dags/imple_time_and_hostname_log.py took 0.338 seconds
[2025-12-09T19:00:34.753+0000] {processor.py:161} INFO - Started process (PID=56) to work on /opt/airflow/dags/imple_time_and_hostname_log.py
[2025-12-09T19:00:34.754+0000] {processor.py:830} INFO - Processing file /opt/airflow/dags/imple_time_and_hostname_log.py for tasks to queue
[2025-12-09T19:00:34.757+0000] {logging_mixin.py:188} INFO - [2025-12-09T19:00:34.757+0000] {dagbag.py:540} INFO - Filling up the DagBag from /opt/airflow/dags/imple_time_and_hostname_log.py
[2025-12-09T19:00:34.790+0000] {processor.py:840} INFO - DAG(s) 'simple_time_and_hostname_log_dag' retrieved from /opt/airflow/dags/imple_time_and_hostname_log.py
[2025-12-09T18:58:00.142+0000] {logging_mixin.py:188} INFO - [2025-12-09T18:58:00.141+0000] {dag.py:3096} INFO - Sync 1 DAGs
[2025-12-09T18:58:00.196+0000] {logging_mixin.py:188} INFO - [2025-12-09T18:58:00.196+0000] {dag.py:3954} INFO - Setting next_dagrun for simple_time_and_hostname_log_dag to 2025-12-09 18:57:00+00:00, run_after=2025-12-09 18:58:00+00:00
[2025-12-09T18:58:00.311+0000] {processor.py:183} INFO - Processing /opt/airflow/dags/imple_time_and_hostname_log.py took 0.294 seconds
[2025-12-09T19:00:46.223+0000] {processor.py:161} INFO - Started process (PID=58) to work on /opt/airflow/dags/imple_time_and_hostname_log.py
[2025-12-09T19:00:46.224+0000] {processor.py:830} INFO - Processing file /opt/airflow/dags/imple_time_and_hostname_log.py for tasks to queue
[2025-12-09T19:00:46.227+0000] {logging_mixin.py:188} INFO - [2025-12-09T19:00:46.226+0000] {dagbag.py:540} INFO - Filling up the DagBag from /opt/airflow/dags/imple_time_and_hostname_log.py
[2025-12-09T19:00:46.255+0000] {processor.py:840} INFO - DAG(s) 'simple_time_and_hostname_log_dag' retrieved from /opt/airflow/dags/imple_time_and_hostname_log.py
[2025-12-09T19:00:46.327+0000] {logging_mixin.py:188} INFO - [2025-12-09T19:00:46.327+0000] {dag.py:3096} INFO - Sync 1 DAGs
[2025-12-09T19:00:46.379+0000] {logging_mixin.py:188} INFO - [2025-12-09T19:00:46.379+0000] {dag.py:3954} INFO - Setting next_dagrun for simple_time_and_hostname_log_dag to 2025-12-09 18:59:00+00:00, run_after=2025-12-09 19:00:00+00:00
[2025-12-09T19:00:46.457+0000] {processor.py:183} INFO - Processing /opt/airflow/dags/imple_time_and_hostname_log.py took 0.243 seconds
[2025-12-09T19:01:47.249+0000] {processor.py:161} INFO - Started process (PID=60) to work on /opt/airflow/dags/imple_time_and_hostname_log.py
[2025-12-09T19:01:47.250+0000] {processor.py:830} INFO - Processing file /opt/airflow/dags/imple_time_and_hostname_log.py for tasks to queue
[2025-12-09T19:01:47.253+0000] {logging_mixin.py:188} INFO - [2025-12-09T19:01:47.252+0000] {dagbag.py:540} INFO - Filling up the DagBag from /opt/airflow/dags/imple_time_and_hostname_log.py
[2025-12-09T19:01:47.280+0000] {processor.py:840} INFO - DAG(s) 'simple_time_and_hostname_log_dag' retrieved from /opt/airflow/dags/imple_time_and_hostname_log.py
[2025-12-09T19:01:47.348+0000] {logging_mixin.py:188} INFO - [2025-12-09T19:01:47.348+0000] {dag.py:3096} INFO - Sync 1 DAGs
[2025-12-09T19:01:47.404+0000] {logging_mixin.py:188} INFO - [2025-12-09T19:01:47.404+0000] {dag.py:3954} INFO - Setting next_dagrun for simple_time_and_hostname_log_dag to 2025-12-09 19:00:00+00:00, run_after=2025-12-09 19:01:00+00:00
[2025-12-09T19:01:47.575+0000] {processor.py:183} INFO - Processing /opt/airflow/dags/imple_time_and_hostname_log.py took 0.334 seconds
[2025-12-09T19:02:22.050+0000] {processor.py:161} INFO - Started process (PID=62) to work on /opt/airflow/dags/imple_time_and_hostname_log.py
[2025-12-09T19:02:22.052+0000] {processor.py:830} INFO - Processing file /opt/airflow/dags/imple_time_and_hostname_log.py for tasks to queue
[2025-12-09T19:02:22.054+0000] {logging_mixin.py:188} INFO - [2025-12-09T19:02:22.054+0000] {dagbag.py:540} INFO - Filling up the DagBag from /opt/airflow/dags/imple_time_and_hostname_log.py
[2025-12-09T19:02:22.093+0000] {processor.py:840} INFO - DAG(s) 'simple_time_and_hostname_log_dag' retrieved from /opt/airflow/dags/imple_time_and_hostname_log.py
[2025-12-09T19:02:22.167+0000] {logging_mixin.py:188} INFO - [2025-12-09T19:02:22.166+0000] {dag.py:3096} INFO - Sync 1 DAGs
[2025-12-09T19:02:22.227+0000] {logging_mixin.py:188} INFO - [2025-12-09T19:02:22.227+0000] {dag.py:3954} INFO - Setting next_dagrun for simple_time_and_hostname_log_dag to 2025-12-09 19:01:00+00:00, run_after=2025-12-09 19:02:00+00:00
[2025-12-09T19:02:22.320+0000] {processor.py:183} INFO - Processing /opt/airflow/dags/imple_time_and_hostname_log.py took 0.285 seconds
[2025-12-09T19:00:30.156+0000] {processor.py:161} INFO - Started process (PID=66) to work on /opt/airflow/dags/imple_time_and_hostname_log.py
[2025-12-09T19:00:30.157+0000] {processor.py:830} INFO - Processing file /opt/airflow/dags/imple_time_and_hostname_log.py for tasks to queue
[2025-12-09T19:00:30.160+0000] {logging_mixin.py:188} INFO - [2025-12-09T19:00:30.159+0000] {dagbag.py:540} INFO - Filling up the DagBag from /opt/airflow/dags/imple_time_and_hostname_log.py
[2025-12-09T19:00:30.197+0000] {processor.py:840} INFO - DAG(s) 'simple_time_and_hostname_log_dag' retrieved from /opt/airflow/dags/imple_time_and_hostname_log.py
[2025-12-09T19:00:30.273+0000] {logging_mixin.py:188} INFO - [2025-12-09T19:00:30.272+0000] {dag.py:3096} INFO - Sync 1 DAGs
[2025-12-09T19:00:30.336+0000] {logging_mixin.py:188} INFO - [2025-12-09T19:00:30.336+0000] {dag.py:3954} INFO - Setting next_dagrun for simple_time_and_hostname_log_dag to 2025-12-09 18:59:00+00:00, run_after=2025-12-09 19:00:00+00:00
[2025-12-09T19:00:30.406+0000] {processor.py:183} INFO - Processing /opt/airflow/dags/imple_time_and_hostname_log.py took 0.262 seconds
[2025-12-09T19:03:17.059+0000] {processor.py:161} INFO - Started process (PID=68) to work on /opt/airflow/dags/imple_time_and_hostname_log.py
[2025-12-09T19:03:17.060+0000] {processor.py:830} INFO - Processing file /opt/airflow/dags/imple_time_and_hostname_log.py for tasks to queue
[2025-12-09T19:03:17.063+0000] {logging_mixin.py:188} INFO - [2025-12-09T19:03:17.062+0000] {dagbag.py:540} INFO - Filling up the DagBag from /opt/airflow/dags/imple_time_and_hostname_log.py
[2025-12-09T19:03:17.094+0000] {processor.py:840} INFO - DAG(s) 'simple_time_and_hostname_log_dag' retrieved from /opt/airflow/dags/imple_time_and_hostname_log.py
[2025-12-09T19:03:17.164+0000] {logging_mixin.py:188} INFO - [2025-12-09T19:03:17.164+0000] {dag.py:3096} INFO - Sync 1 DAGs
[2025-12-09T19:03:17.219+0000] {logging_mixin.py:188} INFO - [2025-12-09T19:03:17.219+0000] {dag.py:3954} INFO - Setting next_dagrun for simple_time_and_hostname_log_dag to 2025-12-09 19:02:00+00:00, run_after=2025-12-09 19:03:00+00:00
[2025-12-09T19:03:17.310+0000] {processor.py:183} INFO - Processing /opt/airflow/dags/imple_time_and_hostname_log.py took 0.259 seconds
