[2025-12-09T18:41:34.870+0000] {processor.py:161} INFO - Started process (PID=23) to work on /opt/airflow/dags/system_info_dag.py
[2025-12-09T18:41:34.872+0000] {processor.py:830} INFO - Processing file /opt/airflow/dags/system_info_dag.py for tasks to queue
[2025-12-09T18:41:34.874+0000] {logging_mixin.py:188} INFO - [2025-12-09T18:41:34.874+0000] {dagbag.py:540} INFO - Filling up the DagBag from /opt/airflow/dags/system_info_dag.py
[2025-12-09T18:41:34.918+0000] {processor.py:840} INFO - DAG(s) 'system_info_dag' retrieved from /opt/airflow/dags/system_info_dag.py
[2025-12-09T18:41:34.988+0000] {logging_mixin.py:188} INFO - [2025-12-09T18:41:34.988+0000] {dag.py:3096} INFO - Sync 1 DAGs
[2025-12-09T18:41:35.063+0000] {logging_mixin.py:188} INFO - [2025-12-09T18:41:35.063+0000] {dag.py:3954} INFO - Setting next_dagrun for system_info_dag to 2025-12-09 18:40:00+00:00, run_after=2025-12-09 18:41:00+00:00
[2025-12-09T18:41:35.187+0000] {processor.py:183} INFO - Processing /opt/airflow/dags/system_info_dag.py took 0.326 seconds
[2025-12-09T18:44:19.098+0000] {processor.py:161} INFO - Started process (PID=25) to work on /opt/airflow/dags/system_info_dag.py
[2025-12-09T18:44:19.100+0000] {processor.py:830} INFO - Processing file /opt/airflow/dags/system_info_dag.py for tasks to queue
[2025-12-09T18:44:19.102+0000] {logging_mixin.py:188} INFO - [2025-12-09T18:44:19.102+0000] {dagbag.py:540} INFO - Filling up the DagBag from /opt/airflow/dags/system_info_dag.py
[2025-12-09T18:44:19.129+0000] {processor.py:840} INFO - DAG(s) 'system_info_dag' retrieved from /opt/airflow/dags/system_info_dag.py
[2025-12-09T18:41:44.800+0000] {logging_mixin.py:188} INFO - [2025-12-09T18:41:44.800+0000] {dag.py:3096} INFO - Sync 1 DAGs
[2025-12-09T18:41:44.851+0000] {logging_mixin.py:188} INFO - [2025-12-09T18:41:44.850+0000] {dag.py:3954} INFO - Setting next_dagrun for system_info_dag to 2025-12-09 18:40:00+00:00, run_after=2025-12-09 18:41:00+00:00
[2025-12-09T18:41:44.968+0000] {processor.py:183} INFO - Processing /opt/airflow/dags/system_info_dag.py took 0.619 seconds
[2025-12-09T18:44:49.144+0000] {processor.py:161} INFO - Started process (PID=27) to work on /opt/airflow/dags/system_info_dag.py
[2025-12-09T18:44:49.146+0000] {processor.py:830} INFO - Processing file /opt/airflow/dags/system_info_dag.py for tasks to queue
[2025-12-09T18:44:49.148+0000] {logging_mixin.py:188} INFO - [2025-12-09T18:44:49.148+0000] {dagbag.py:540} INFO - Filling up the DagBag from /opt/airflow/dags/system_info_dag.py
[2025-12-09T18:44:49.179+0000] {processor.py:840} INFO - DAG(s) 'system_info_dag' retrieved from /opt/airflow/dags/system_info_dag.py
[2025-12-09T18:44:49.248+0000] {logging_mixin.py:188} INFO - [2025-12-09T18:44:49.248+0000] {dag.py:3096} INFO - Sync 1 DAGs
[2025-12-09T18:42:14.584+0000] {logging_mixin.py:188} INFO - [2025-12-09T18:42:14.583+0000] {dag.py:3954} INFO - Setting next_dagrun for system_info_dag to 2025-12-09 18:41:00+00:00, run_after=2025-12-09 18:42:00+00:00
[2025-12-09T18:42:14.680+0000] {processor.py:183} INFO - Processing /opt/airflow/dags/system_info_dag.py took 0.268 seconds
[2025-12-09T18:44:54.274+0000] {processor.py:161} INFO - Started process (PID=29) to work on /opt/airflow/dags/system_info_dag.py
[2025-12-09T18:44:54.275+0000] {processor.py:830} INFO - Processing file /opt/airflow/dags/system_info_dag.py for tasks to queue
[2025-12-09T18:44:54.278+0000] {logging_mixin.py:188} INFO - [2025-12-09T18:44:54.277+0000] {dagbag.py:540} INFO - Filling up the DagBag from /opt/airflow/dags/system_info_dag.py
[2025-12-09T18:42:19.571+0000] {processor.py:840} INFO - DAG(s) 'system_info_dag' retrieved from /opt/airflow/dags/system_info_dag.py
[2025-12-09T18:42:19.619+0000] {logging_mixin.py:188} INFO - [2025-12-09T18:42:19.618+0000] {dag.py:3096} INFO - Sync 1 DAGs
[2025-12-09T18:42:19.681+0000] {logging_mixin.py:188} INFO - [2025-12-09T18:42:19.681+0000] {dag.py:3954} INFO - Setting next_dagrun for system_info_dag to 2025-12-09 18:41:00+00:00, run_after=2025-12-09 18:42:00+00:00
[2025-12-09T18:42:19.771+0000] {processor.py:183} INFO - Processing /opt/airflow/dags/system_info_dag.py took 0.246 seconds
[2025-12-09T18:45:04.690+0000] {processor.py:161} INFO - Started process (PID=31) to work on /opt/airflow/dags/system_info_dag.py
[2025-12-09T18:45:04.692+0000] {processor.py:830} INFO - Processing file /opt/airflow/dags/system_info_dag.py for tasks to queue
[2025-12-09T18:45:04.695+0000] {logging_mixin.py:188} INFO - [2025-12-09T18:45:04.694+0000] {dagbag.py:540} INFO - Filling up the DagBag from /opt/airflow/dags/system_info_dag.py
[2025-12-09T18:45:04.725+0000] {processor.py:840} INFO - DAG(s) 'system_info_dag' retrieved from /opt/airflow/dags/system_info_dag.py
[2025-12-09T18:45:04.796+0000] {logging_mixin.py:188} INFO - [2025-12-09T18:45:04.795+0000] {dag.py:3096} INFO - Sync 1 DAGs
[2025-12-09T18:45:04.852+0000] {logging_mixin.py:188} INFO - [2025-12-09T18:45:04.851+0000] {dag.py:3954} INFO - Setting next_dagrun for system_info_dag to 2025-12-09 18:44:00+00:00, run_after=2025-12-09 18:45:00+00:00
[2025-12-09T18:45:04.977+0000] {processor.py:183} INFO - Processing /opt/airflow/dags/system_info_dag.py took 0.295 seconds
[2025-12-09T18:45:44.241+0000] {processor.py:161} INFO - Started process (PID=34) to work on /opt/airflow/dags/system_info_dag.py
[2025-12-09T18:45:44.242+0000] {processor.py:830} INFO - Processing file /opt/airflow/dags/system_info_dag.py for tasks to queue
[2025-12-09T18:45:44.245+0000] {logging_mixin.py:188} INFO - [2025-12-09T18:45:44.244+0000] {dagbag.py:540} INFO - Filling up the DagBag from /opt/airflow/dags/system_info_dag.py
[2025-12-09T18:45:44.276+0000] {processor.py:840} INFO - DAG(s) 'system_info_dag' retrieved from /opt/airflow/dags/system_info_dag.py
[2025-12-09T18:45:44.352+0000] {logging_mixin.py:188} INFO - [2025-12-09T18:45:44.352+0000] {dag.py:3096} INFO - Sync 1 DAGs
[2025-12-09T18:43:09.672+0000] {logging_mixin.py:188} INFO - [2025-12-09T18:43:09.672+0000] {dag.py:3954} INFO - Setting next_dagrun for system_info_dag to 2025-12-09 18:42:00+00:00, run_after=2025-12-09 18:43:00+00:00
[2025-12-09T18:43:09.828+0000] {processor.py:183} INFO - Processing /opt/airflow/dags/system_info_dag.py took 0.334 seconds
[2025-12-09T18:43:40.259+0000] {processor.py:161} INFO - Started process (PID=36) to work on /opt/airflow/dags/system_info_dag.py
[2025-12-09T18:43:40.260+0000] {processor.py:830} INFO - Processing file /opt/airflow/dags/system_info_dag.py for tasks to queue
[2025-12-09T18:43:40.263+0000] {logging_mixin.py:188} INFO - [2025-12-09T18:43:40.262+0000] {dagbag.py:540} INFO - Filling up the DagBag from /opt/airflow/dags/system_info_dag.py
[2025-12-09T18:43:40.291+0000] {processor.py:840} INFO - DAG(s) 'system_info_dag' retrieved from /opt/airflow/dags/system_info_dag.py
[2025-12-09T18:43:40.338+0000] {logging_mixin.py:188} INFO - [2025-12-09T18:43:40.337+0000] {dag.py:3096} INFO - Sync 1 DAGs
[2025-12-09T18:43:40.392+0000] {logging_mixin.py:188} INFO - [2025-12-09T18:43:40.391+0000] {dag.py:3954} INFO - Setting next_dagrun for system_info_dag to 2025-12-09 18:42:00+00:00, run_after=2025-12-09 18:43:00+00:00
[2025-12-09T18:43:40.467+0000] {processor.py:183} INFO - Processing /opt/airflow/dags/system_info_dag.py took 0.217 seconds
[2025-12-09T18:46:19.346+0000] {processor.py:161} INFO - Started process (PID=38) to work on /opt/airflow/dags/system_info_dag.py
[2025-12-09T18:46:19.348+0000] {processor.py:830} INFO - Processing file /opt/airflow/dags/system_info_dag.py for tasks to queue
[2025-12-09T18:46:19.350+0000] {logging_mixin.py:188} INFO - [2025-12-09T18:46:19.350+0000] {dagbag.py:540} INFO - Filling up the DagBag from /opt/airflow/dags/system_info_dag.py
[2025-12-09T18:46:19.380+0000] {processor.py:840} INFO - DAG(s) 'system_info_dag' retrieved from /opt/airflow/dags/system_info_dag.py
[2025-12-09T18:46:19.451+0000] {logging_mixin.py:188} INFO - [2025-12-09T18:46:19.450+0000] {dag.py:3096} INFO - Sync 1 DAGs
[2025-12-09T18:43:44.763+0000] {logging_mixin.py:188} INFO - [2025-12-09T18:43:44.763+0000] {dag.py:3954} INFO - Setting next_dagrun for system_info_dag to 2025-12-09 18:42:00+00:00, run_after=2025-12-09 18:43:00+00:00
[2025-12-09T18:43:44.864+0000] {processor.py:183} INFO - Processing /opt/airflow/dags/system_info_dag.py took 0.269 seconds
[2025-12-09T18:46:39.994+0000] {processor.py:161} INFO - Started process (PID=41) to work on /opt/airflow/dags/system_info_dag.py
[2025-12-09T18:46:39.995+0000] {processor.py:830} INFO - Processing file /opt/airflow/dags/system_info_dag.py for tasks to queue
[2025-12-09T18:46:39.999+0000] {logging_mixin.py:188} INFO - [2025-12-09T18:46:39.998+0000] {dagbag.py:540} INFO - Filling up the DagBag from /opt/airflow/dags/system_info_dag.py
[2025-12-09T18:46:40.032+0000] {processor.py:840} INFO - DAG(s) 'system_info_dag' retrieved from /opt/airflow/dags/system_info_dag.py
[2025-12-09T18:46:40.102+0000] {logging_mixin.py:188} INFO - [2025-12-09T18:46:40.101+0000] {dag.py:3096} INFO - Sync 1 DAGs
[2025-12-09T18:46:40.154+0000] {logging_mixin.py:188} INFO - [2025-12-09T18:46:40.154+0000] {dag.py:3954} INFO - Setting next_dagrun for system_info_dag to 2025-12-09 18:45:00+00:00, run_after=2025-12-09 18:46:00+00:00
[2025-12-09T18:46:40.324+0000] {processor.py:183} INFO - Processing /opt/airflow/dags/system_info_dag.py took 0.339 seconds
[2025-12-09T18:47:10.767+0000] {processor.py:161} INFO - Started process (PID=43) to work on /opt/airflow/dags/system_info_dag.py
[2025-12-09T18:47:10.768+0000] {processor.py:830} INFO - Processing file /opt/airflow/dags/system_info_dag.py for tasks to queue
[2025-12-09T18:47:10.771+0000] {logging_mixin.py:188} INFO - [2025-12-09T18:47:10.770+0000] {dagbag.py:540} INFO - Filling up the DagBag from /opt/airflow/dags/system_info_dag.py
[2025-12-09T18:47:10.801+0000] {processor.py:840} INFO - DAG(s) 'system_info_dag' retrieved from /opt/airflow/dags/system_info_dag.py
[2025-12-09T18:47:10.869+0000] {logging_mixin.py:188} INFO - [2025-12-09T18:47:10.869+0000] {dag.py:3096} INFO - Sync 1 DAGs
[2025-12-09T18:47:10.922+0000] {logging_mixin.py:188} INFO - [2025-12-09T18:47:10.922+0000] {dag.py:3954} INFO - Setting next_dagrun for system_info_dag to 2025-12-09 18:46:00+00:00, run_after=2025-12-09 18:47:00+00:00
[2025-12-09T18:47:11.000+0000] {processor.py:183} INFO - Processing /opt/airflow/dags/system_info_dag.py took 0.243 seconds
[2025-12-09T18:47:49.524+0000] {processor.py:161} INFO - Started process (PID=45) to work on /opt/airflow/dags/system_info_dag.py
[2025-12-09T18:47:49.526+0000] {processor.py:830} INFO - Processing file /opt/airflow/dags/system_info_dag.py for tasks to queue
[2025-12-09T18:47:49.528+0000] {logging_mixin.py:188} INFO - [2025-12-09T18:47:49.528+0000] {dagbag.py:540} INFO - Filling up the DagBag from /opt/airflow/dags/system_info_dag.py
[2025-12-09T18:47:49.560+0000] {processor.py:840} INFO - DAG(s) 'system_info_dag' retrieved from /opt/airflow/dags/system_info_dag.py
[2025-12-09T18:47:49.606+0000] {logging_mixin.py:188} INFO - [2025-12-09T18:47:49.606+0000] {dag.py:3096} INFO - Sync 1 DAGs
[2025-12-09T18:47:49.661+0000] {logging_mixin.py:188} INFO - [2025-12-09T18:47:49.661+0000] {dag.py:3954} INFO - Setting next_dagrun for system_info_dag to 2025-12-09 18:46:00+00:00, run_after=2025-12-09 18:47:00+00:00
[2025-12-09T18:45:15.064+0000] {processor.py:183} INFO - Processing /opt/airflow/dags/system_info_dag.py took 0.294 seconds
[2025-12-09T18:47:54.623+0000] {processor.py:161} INFO - Started process (PID=48) to work on /opt/airflow/dags/system_info_dag.py
[2025-12-09T18:47:54.625+0000] {processor.py:830} INFO - Processing file /opt/airflow/dags/system_info_dag.py for tasks to queue
[2025-12-09T18:47:54.627+0000] {logging_mixin.py:188} INFO - [2025-12-09T18:47:54.627+0000] {dagbag.py:540} INFO - Filling up the DagBag from /opt/airflow/dags/system_info_dag.py
[2025-12-09T18:47:54.656+0000] {processor.py:840} INFO - DAG(s) 'system_info_dag' retrieved from /opt/airflow/dags/system_info_dag.py
[2025-12-09T18:45:20.123+0000] {logging_mixin.py:188} INFO - [2025-12-09T18:45:20.122+0000] {dag.py:3096} INFO - Sync 1 DAGs
[2025-12-09T18:45:20.173+0000] {logging_mixin.py:188} INFO - [2025-12-09T18:45:20.172+0000] {dag.py:3954} INFO - Setting next_dagrun for system_info_dag to 2025-12-09 18:44:00+00:00, run_after=2025-12-09 18:45:00+00:00
[2025-12-09T18:45:20.251+0000] {processor.py:183} INFO - Processing /opt/airflow/dags/system_info_dag.py took 0.380 seconds
[2025-12-09T18:45:50.627+0000] {processor.py:161} INFO - Started process (PID=50) to work on /opt/airflow/dags/system_info_dag.py
[2025-12-09T18:45:50.628+0000] {processor.py:830} INFO - Processing file /opt/airflow/dags/system_info_dag.py for tasks to queue
[2025-12-09T18:45:50.631+0000] {logging_mixin.py:188} INFO - [2025-12-09T18:45:50.631+0000] {dagbag.py:540} INFO - Filling up the DagBag from /opt/airflow/dags/system_info_dag.py
[2025-12-09T18:45:50.663+0000] {processor.py:840} INFO - DAG(s) 'system_info_dag' retrieved from /opt/airflow/dags/system_info_dag.py
[2025-12-09T18:45:50.747+0000] {logging_mixin.py:188} INFO - [2025-12-09T18:45:50.747+0000] {dag.py:3096} INFO - Sync 1 DAGs
[2025-12-09T18:45:50.801+0000] {logging_mixin.py:188} INFO - [2025-12-09T18:45:50.801+0000] {dag.py:3954} INFO - Setting next_dagrun for system_info_dag to 2025-12-09 18:44:00+00:00, run_after=2025-12-09 18:45:00+00:00
[2025-12-09T18:45:50.900+0000] {processor.py:183} INFO - Processing /opt/airflow/dags/system_info_dag.py took 0.284 seconds
[2025-12-09T18:48:29.727+0000] {processor.py:161} INFO - Started process (PID=52) to work on /opt/airflow/dags/system_info_dag.py
[2025-12-09T18:48:29.728+0000] {processor.py:830} INFO - Processing file /opt/airflow/dags/system_info_dag.py for tasks to queue
[2025-12-09T18:48:29.731+0000] {logging_mixin.py:188} INFO - [2025-12-09T18:48:29.730+0000] {dagbag.py:540} INFO - Filling up the DagBag from /opt/airflow/dags/system_info_dag.py
[2025-12-09T18:45:55.023+0000] {processor.py:840} INFO - DAG(s) 'system_info_dag' retrieved from /opt/airflow/dags/system_info_dag.py
[2025-12-09T18:45:55.110+0000] {logging_mixin.py:188} INFO - [2025-12-09T18:45:55.110+0000] {dag.py:3096} INFO - Sync 1 DAGs
[2025-12-09T18:45:55.169+0000] {logging_mixin.py:188} INFO - [2025-12-09T18:45:55.168+0000] {dag.py:3954} INFO - Setting next_dagrun for system_info_dag to 2025-12-09 18:44:00+00:00, run_after=2025-12-09 18:45:00+00:00
[2025-12-09T18:45:55.289+0000] {processor.py:183} INFO - Processing /opt/airflow/dags/system_info_dag.py took 0.314 seconds
[2025-12-09T18:46:25.745+0000] {processor.py:161} INFO - Started process (PID=55) to work on /opt/airflow/dags/system_info_dag.py
[2025-12-09T18:46:25.747+0000] {processor.py:830} INFO - Processing file /opt/airflow/dags/system_info_dag.py for tasks to queue
[2025-12-09T18:46:25.750+0000] {logging_mixin.py:188} INFO - [2025-12-09T18:46:25.749+0000] {dagbag.py:540} INFO - Filling up the DagBag from /opt/airflow/dags/system_info_dag.py
[2025-12-09T18:46:25.780+0000] {processor.py:840} INFO - DAG(s) 'system_info_dag' retrieved from /opt/airflow/dags/system_info_dag.py
[2025-12-09T18:46:25.850+0000] {logging_mixin.py:188} INFO - [2025-12-09T18:46:25.850+0000] {dag.py:3096} INFO - Sync 1 DAGs
[2025-12-09T18:46:25.904+0000] {logging_mixin.py:188} INFO - [2025-12-09T18:46:25.904+0000] {dag.py:3954} INFO - Setting next_dagrun for system_info_dag to 2025-12-09 18:45:00+00:00, run_after=2025-12-09 18:46:00+00:00
[2025-12-09T18:46:26.069+0000] {processor.py:183} INFO - Processing /opt/airflow/dags/system_info_dag.py took 0.333 seconds
[2025-12-09T18:46:30.155+0000] {processor.py:161} INFO - Started process (PID=57) to work on /opt/airflow/dags/system_info_dag.py
[2025-12-09T18:46:30.156+0000] {processor.py:830} INFO - Processing file /opt/airflow/dags/system_info_dag.py for tasks to queue
[2025-12-09T18:46:30.159+0000] {logging_mixin.py:188} INFO - [2025-12-09T18:46:30.158+0000] {dagbag.py:540} INFO - Filling up the DagBag from /opt/airflow/dags/system_info_dag.py
[2025-12-09T18:46:30.192+0000] {processor.py:840} INFO - DAG(s) 'system_info_dag' retrieved from /opt/airflow/dags/system_info_dag.py
[2025-12-09T18:46:30.259+0000] {logging_mixin.py:188} INFO - [2025-12-09T18:46:30.258+0000] {dag.py:3096} INFO - Sync 1 DAGs
[2025-12-09T18:46:30.316+0000] {logging_mixin.py:188} INFO - [2025-12-09T18:46:30.315+0000] {dag.py:3954} INFO - Setting next_dagrun for system_info_dag to 2025-12-09 18:45:00+00:00, run_after=2025-12-09 18:46:00+00:00
[2025-12-09T18:46:30.436+0000] {processor.py:183} INFO - Processing /opt/airflow/dags/system_info_dag.py took 0.291 seconds
[2025-12-09T18:49:34.567+0000] {processor.py:161} INFO - Started process (PID=60) to work on /opt/airflow/dags/system_info_dag.py
[2025-12-09T18:49:34.568+0000] {processor.py:830} INFO - Processing file /opt/airflow/dags/system_info_dag.py for tasks to queue
[2025-12-09T18:49:34.571+0000] {logging_mixin.py:188} INFO - [2025-12-09T18:49:34.570+0000] {dagbag.py:540} INFO - Filling up the DagBag from /opt/airflow/dags/system_info_dag.py
[2025-12-09T18:46:59.865+0000] {processor.py:840} INFO - DAG(s) 'system_info_dag' retrieved from /opt/airflow/dags/system_info_dag.py
[2025-12-09T18:46:59.943+0000] {logging_mixin.py:188} INFO - [2025-12-09T18:46:59.943+0000] {dag.py:3096} INFO - Sync 1 DAGs
[2025-12-09T18:49:34.735+0000] {logging_mixin.py:188} INFO - [2025-12-09T18:49:34.735+0000] {dag.py:3954} INFO - Setting next_dagrun for system_info_dag to 2025-12-09 18:48:00+00:00, run_after=2025-12-09 18:49:00+00:00
[2025-12-09T18:49:34.868+0000] {processor.py:183} INFO - Processing /opt/airflow/dags/system_info_dag.py took 0.308 seconds
[2025-12-09T18:52:34.620+0000] {processor.py:161} INFO - Started process (PID=23) to work on /opt/airflow/dags/system_info_dag.py
[2025-12-09T18:49:59.899+0000] {processor.py:830} INFO - Processing file /opt/airflow/dags/system_info_dag.py for tasks to queue
[2025-12-09T18:49:59.901+0000] {logging_mixin.py:188} INFO - [2025-12-09T18:49:59.901+0000] {dagbag.py:540} INFO - Filling up the DagBag from /opt/airflow/dags/system_info_dag.py
[2025-12-09T18:49:59.936+0000] {processor.py:840} INFO - DAG(s) 'system_info_dag' retrieved from /opt/airflow/dags/system_info_dag.py
[2025-12-09T18:50:00.005+0000] {logging_mixin.py:188} INFO - [2025-12-09T18:50:00.005+0000] {dag.py:3096} INFO - Sync 1 DAGs
[2025-12-09T18:50:00.063+0000] {logging_mixin.py:188} INFO - [2025-12-09T18:50:00.063+0000] {dag.py:3954} INFO - Setting next_dagrun for system_info_dag to 2025-12-09 18:49:00+00:00, run_after=2025-12-09 18:50:00+00:00
[2025-12-09T18:50:00.146+0000] {processor.py:183} INFO - Processing /opt/airflow/dags/system_info_dag.py took 0.257 seconds
[2025-12-09T18:53:00.252+0000] {processor.py:161} INFO - Started process (PID=25) to work on /opt/airflow/dags/system_info_dag.py
[2025-12-09T18:53:00.253+0000] {processor.py:830} INFO - Processing file /opt/airflow/dags/system_info_dag.py for tasks to queue
[2025-12-09T18:53:00.256+0000] {logging_mixin.py:188} INFO - [2025-12-09T18:53:00.255+0000] {dagbag.py:540} INFO - Filling up the DagBag from /opt/airflow/dags/system_info_dag.py
[2025-12-09T18:53:00.283+0000] {processor.py:840} INFO - DAG(s) 'system_info_dag' retrieved from /opt/airflow/dags/system_info_dag.py
[2025-12-09T18:50:25.771+0000] {logging_mixin.py:188} INFO - [2025-12-09T18:50:25.771+0000] {dag.py:3096} INFO - Sync 1 DAGs
[2025-12-09T18:50:25.822+0000] {logging_mixin.py:188} INFO - [2025-12-09T18:50:25.822+0000] {dag.py:3954} INFO - Setting next_dagrun for system_info_dag to 2025-12-09 18:49:00+00:00, run_after=2025-12-09 18:50:00+00:00
[2025-12-09T18:50:25.900+0000] {processor.py:183} INFO - Processing /opt/airflow/dags/system_info_dag.py took 0.382 seconds
[2025-12-09T18:55:57.144+0000] {processor.py:161} INFO - Started process (PID=23) to work on /opt/airflow/dags/system_info_dag.py
[2025-12-09T18:55:57.145+0000] {processor.py:830} INFO - Processing file /opt/airflow/dags/system_info_dag.py for tasks to queue
[2025-12-09T18:55:57.148+0000] {logging_mixin.py:188} INFO - [2025-12-09T18:55:57.148+0000] {dagbag.py:540} INFO - Filling up the DagBag from /opt/airflow/dags/system_info_dag.py
[2025-12-09T18:55:57.194+0000] {processor.py:840} INFO - DAG(s) 'system_info_dag' retrieved from /opt/airflow/dags/system_info_dag.py
[2025-12-09T18:55:57.266+0000] {logging_mixin.py:188} INFO - [2025-12-09T18:55:57.265+0000] {dag.py:3096} INFO - Sync 1 DAGs
[2025-12-09T18:55:57.320+0000] {logging_mixin.py:188} INFO - [2025-12-09T18:55:57.319+0000] {dag.py:3954} INFO - Setting next_dagrun for system_info_dag to 2025-12-09 18:54:00+00:00, run_after=2025-12-09 18:55:00+00:00
[2025-12-09T18:55:57.445+0000] {processor.py:183} INFO - Processing /opt/airflow/dags/system_info_dag.py took 0.310 seconds
[2025-12-09T18:53:56.153+0000] {processor.py:161} INFO - Started process (PID=25) to work on /opt/airflow/dags/system_info_dag.py
[2025-12-09T18:53:56.155+0000] {processor.py:830} INFO - Processing file /opt/airflow/dags/system_info_dag.py for tasks to queue
[2025-12-09T18:53:56.158+0000] {logging_mixin.py:188} INFO - [2025-12-09T18:53:56.158+0000] {dagbag.py:540} INFO - Filling up the DagBag from /opt/airflow/dags/system_info_dag.py
[2025-12-09T18:53:56.190+0000] {processor.py:840} INFO - DAG(s) 'system_info_dag' retrieved from /opt/airflow/dags/system_info_dag.py
[2025-12-09T18:53:56.239+0000] {logging_mixin.py:188} INFO - [2025-12-09T18:53:56.239+0000] {dag.py:3096} INFO - Sync 1 DAGs
[2025-12-09T18:53:56.307+0000] {logging_mixin.py:188} INFO - [2025-12-09T18:53:56.307+0000] {dag.py:3954} INFO - Setting next_dagrun for system_info_dag to 2025-12-09 18:52:00+00:00, run_after=2025-12-09 18:53:00+00:00
[2025-12-09T18:53:56.440+0000] {processor.py:183} INFO - Processing /opt/airflow/dags/system_info_dag.py took 0.295 seconds
[2025-12-09T18:54:26.692+0000] {processor.py:161} INFO - Started process (PID=27) to work on /opt/airflow/dags/system_info_dag.py
[2025-12-09T18:54:26.694+0000] {processor.py:830} INFO - Processing file /opt/airflow/dags/system_info_dag.py for tasks to queue
[2025-12-09T18:54:26.696+0000] {logging_mixin.py:188} INFO - [2025-12-09T18:54:26.696+0000] {dagbag.py:540} INFO - Filling up the DagBag from /opt/airflow/dags/system_info_dag.py
[2025-12-09T18:54:26.727+0000] {processor.py:840} INFO - DAG(s) 'system_info_dag' retrieved from /opt/airflow/dags/system_info_dag.py
[2025-12-09T18:54:26.783+0000] {logging_mixin.py:188} INFO - [2025-12-09T18:54:26.782+0000] {dag.py:3096} INFO - Sync 1 DAGs
[2025-12-09T18:54:26.845+0000] {logging_mixin.py:188} INFO - [2025-12-09T18:54:26.845+0000] {dag.py:3954} INFO - Setting next_dagrun for system_info_dag to 2025-12-09 18:53:00+00:00, run_after=2025-12-09 18:54:00+00:00
[2025-12-09T18:54:26.975+0000] {processor.py:183} INFO - Processing /opt/airflow/dags/system_info_dag.py took 0.293 seconds
[2025-12-09T18:57:05.767+0000] {processor.py:161} INFO - Started process (PID=29) to work on /opt/airflow/dags/system_info_dag.py
[2025-12-09T18:57:05.769+0000] {processor.py:830} INFO - Processing file /opt/airflow/dags/system_info_dag.py for tasks to queue
[2025-12-09T18:57:05.772+0000] {logging_mixin.py:188} INFO - [2025-12-09T18:57:05.771+0000] {dagbag.py:540} INFO - Filling up the DagBag from /opt/airflow/dags/system_info_dag.py
[2025-12-09T18:57:05.807+0000] {processor.py:840} INFO - DAG(s) 'system_info_dag' retrieved from /opt/airflow/dags/system_info_dag.py
[2025-12-09T18:54:31.516+0000] {logging_mixin.py:188} INFO - [2025-12-09T18:54:31.515+0000] {dag.py:3096} INFO - Sync 1 DAGs
[2025-12-09T18:54:31.596+0000] {logging_mixin.py:188} INFO - [2025-12-09T18:54:31.594+0000] {dag.py:3954} INFO - Setting next_dagrun for system_info_dag to 2025-12-09 18:53:00+00:00, run_after=2025-12-09 18:54:00+00:00
[2025-12-09T18:54:31.703+0000] {processor.py:183} INFO - Processing /opt/airflow/dags/system_info_dag.py took 0.684 seconds
[2025-12-09T18:54:59.974+0000] {processor.py:161} INFO - Started process (PID=31) to work on /opt/airflow/dags/system_info_dag.py
[2025-12-09T18:54:59.975+0000] {processor.py:830} INFO - Processing file /opt/airflow/dags/system_info_dag.py for tasks to queue
[2025-12-09T18:54:59.978+0000] {logging_mixin.py:188} INFO - [2025-12-09T18:54:59.977+0000] {dagbag.py:540} INFO - Filling up the DagBag from /opt/airflow/dags/system_info_dag.py
[2025-12-09T18:55:00.143+0000] {processor.py:840} INFO - DAG(s) 'system_info_dag' retrieved from /opt/airflow/dags/system_info_dag.py
[2025-12-09T18:55:00.260+0000] {logging_mixin.py:188} INFO - [2025-12-09T18:55:00.259+0000] {dag.py:3096} INFO - Sync 1 DAGs
[2025-12-09T18:55:00.385+0000] {logging_mixin.py:188} INFO - [2025-12-09T18:55:00.385+0000] {dag.py:3954} INFO - Setting next_dagrun for system_info_dag to 2025-12-09 18:54:00+00:00, run_after=2025-12-09 18:55:00+00:00
[2025-12-09T18:55:00.474+0000] {processor.py:183} INFO - Processing /opt/airflow/dags/system_info_dag.py took 0.511 seconds
[2025-12-09T18:58:04.580+0000] {processor.py:161} INFO - Started process (PID=33) to work on /opt/airflow/dags/system_info_dag.py
[2025-12-09T18:58:04.582+0000] {processor.py:830} INFO - Processing file /opt/airflow/dags/system_info_dag.py for tasks to queue
[2025-12-09T18:58:04.584+0000] {logging_mixin.py:188} INFO - [2025-12-09T18:58:04.584+0000] {dagbag.py:540} INFO - Filling up the DagBag from /opt/airflow/dags/system_info_dag.py
[2025-12-09T18:58:04.617+0000] {processor.py:840} INFO - DAG(s) 'system_info_dag' retrieved from /opt/airflow/dags/system_info_dag.py
[2025-12-09T18:55:29.976+0000] {logging_mixin.py:188} INFO - [2025-12-09T18:55:29.976+0000] {dag.py:3096} INFO - Sync 1 DAGs
[2025-12-09T18:55:30.049+0000] {logging_mixin.py:188} INFO - [2025-12-09T18:55:30.048+0000] {dag.py:3954} INFO - Setting next_dagrun for system_info_dag to 2025-12-09 18:54:00+00:00, run_after=2025-12-09 18:55:00+00:00
[2025-12-09T18:55:30.157+0000] {processor.py:183} INFO - Processing /opt/airflow/dags/system_info_dag.py took 0.316 seconds
[2025-12-09T18:58:05.948+0000] {processor.py:161} INFO - Started process (PID=35) to work on /opt/airflow/dags/system_info_dag.py
[2025-12-09T18:58:05.949+0000] {processor.py:830} INFO - Processing file /opt/airflow/dags/system_info_dag.py for tasks to queue
[2025-12-09T18:58:05.952+0000] {logging_mixin.py:188} INFO - [2025-12-09T18:58:05.952+0000] {dagbag.py:540} INFO - Filling up the DagBag from /opt/airflow/dags/system_info_dag.py
[2025-12-09T18:58:05.983+0000] {processor.py:840} INFO - DAG(s) 'system_info_dag' retrieved from /opt/airflow/dags/system_info_dag.py
[2025-12-09T18:55:31.326+0000] {logging_mixin.py:188} INFO - [2025-12-09T18:55:31.326+0000] {dag.py:3096} INFO - Sync 1 DAGs
[2025-12-09T18:55:31.428+0000] {logging_mixin.py:188} INFO - [2025-12-09T18:55:31.427+0000] {dag.py:3954} INFO - Setting next_dagrun for system_info_dag to 2025-12-09 18:54:00+00:00, run_after=2025-12-09 18:55:00+00:00
[2025-12-09T18:55:31.536+0000] {processor.py:183} INFO - Processing /opt/airflow/dags/system_info_dag.py took 0.328 seconds
[2025-12-09T18:56:00.030+0000] {processor.py:161} INFO - Started process (PID=37) to work on /opt/airflow/dags/system_info_dag.py
[2025-12-09T18:56:00.033+0000] {processor.py:830} INFO - Processing file /opt/airflow/dags/system_info_dag.py for tasks to queue
[2025-12-09T18:56:00.073+0000] {logging_mixin.py:188} INFO - [2025-12-09T18:56:00.039+0000] {dagbag.py:540} INFO - Filling up the DagBag from /opt/airflow/dags/system_info_dag.py
[2025-12-09T18:56:01.667+0000] {processor.py:840} INFO - DAG(s) 'system_info_dag' retrieved from /opt/airflow/dags/system_info_dag.py
[2025-12-09T18:56:01.781+0000] {logging_mixin.py:188} INFO - [2025-12-09T18:56:01.780+0000] {dag.py:3096} INFO - Sync 1 DAGs
[2025-12-09T18:56:01.937+0000] {logging_mixin.py:188} INFO - [2025-12-09T18:56:01.937+0000] {dag.py:3954} INFO - Setting next_dagrun for system_info_dag to 2025-12-09 18:55:00+00:00, run_after=2025-12-09 18:56:00+00:00
[2025-12-09T18:56:02.083+0000] {processor.py:183} INFO - Processing /opt/airflow/dags/system_info_dag.py took 2.085 seconds
[2025-12-09T18:58:40.935+0000] {processor.py:161} INFO - Started process (PID=39) to work on /opt/airflow/dags/system_info_dag.py
[2025-12-09T18:58:40.937+0000] {processor.py:830} INFO - Processing file /opt/airflow/dags/system_info_dag.py for tasks to queue
[2025-12-09T18:58:40.949+0000] {logging_mixin.py:188} INFO - [2025-12-09T18:58:40.939+0000] {dagbag.py:540} INFO - Filling up the DagBag from /opt/airflow/dags/system_info_dag.py
[2025-12-09T18:58:41.028+0000] {processor.py:840} INFO - DAG(s) 'system_info_dag' retrieved from /opt/airflow/dags/system_info_dag.py
[2025-12-09T18:56:06.660+0000] {logging_mixin.py:188} INFO - [2025-12-09T18:56:06.659+0000] {dag.py:3096} INFO - Sync 1 DAGs
[2025-12-09T18:56:06.774+0000] {logging_mixin.py:188} INFO - [2025-12-09T18:56:06.774+0000] {dag.py:3954} INFO - Setting next_dagrun for system_info_dag to 2025-12-09 18:55:00+00:00, run_after=2025-12-09 18:56:00+00:00
[2025-12-09T18:56:06.880+0000] {processor.py:183} INFO - Processing /opt/airflow/dags/system_info_dag.py took 0.690 seconds
[2025-12-09T18:56:37.213+0000] {processor.py:161} INFO - Started process (PID=43) to work on /opt/airflow/dags/system_info_dag.py
[2025-12-09T18:56:37.214+0000] {processor.py:830} INFO - Processing file /opt/airflow/dags/system_info_dag.py for tasks to queue
[2025-12-09T18:56:37.217+0000] {logging_mixin.py:188} INFO - [2025-12-09T18:56:37.216+0000] {dagbag.py:540} INFO - Filling up the DagBag from /opt/airflow/dags/system_info_dag.py
[2025-12-09T18:56:37.251+0000] {processor.py:840} INFO - DAG(s) 'system_info_dag' retrieved from /opt/airflow/dags/system_info_dag.py
[2025-12-09T18:56:37.300+0000] {logging_mixin.py:188} INFO - [2025-12-09T18:56:37.299+0000] {dag.py:3096} INFO - Sync 1 DAGs
[2025-12-09T18:56:37.358+0000] {logging_mixin.py:188} INFO - [2025-12-09T18:56:37.357+0000] {dag.py:3954} INFO - Setting next_dagrun for system_info_dag to 2025-12-09 18:55:00+00:00, run_after=2025-12-09 18:56:00+00:00
[2025-12-09T18:56:37.492+0000] {processor.py:183} INFO - Processing /opt/airflow/dags/system_info_dag.py took 0.288 seconds
[2025-12-09T18:59:16.020+0000] {processor.py:161} INFO - Started process (PID=45) to work on /opt/airflow/dags/system_info_dag.py
[2025-12-09T18:59:16.021+0000] {processor.py:830} INFO - Processing file /opt/airflow/dags/system_info_dag.py for tasks to queue
[2025-12-09T18:59:16.024+0000] {logging_mixin.py:188} INFO - [2025-12-09T18:59:16.024+0000] {dagbag.py:540} INFO - Filling up the DagBag from /opt/airflow/dags/system_info_dag.py
[2025-12-09T18:59:16.056+0000] {processor.py:840} INFO - DAG(s) 'system_info_dag' retrieved from /opt/airflow/dags/system_info_dag.py
[2025-12-09T18:59:16.125+0000] {logging_mixin.py:188} INFO - [2025-12-09T18:59:16.125+0000] {dag.py:3096} INFO - Sync 1 DAGs
[2025-12-09T18:56:41.458+0000] {logging_mixin.py:188} INFO - [2025-12-09T18:56:41.458+0000] {dag.py:3954} INFO - Setting next_dagrun for system_info_dag to 2025-12-09 18:55:00+00:00, run_after=2025-12-09 18:56:00+00:00
[2025-12-09T18:56:41.541+0000] {processor.py:183} INFO - Processing /opt/airflow/dags/system_info_dag.py took 0.256 seconds
[2025-12-09T18:57:12.000+0000] {processor.py:161} INFO - Started process (PID=47) to work on /opt/airflow/dags/system_info_dag.py
[2025-12-09T18:57:12.002+0000] {processor.py:830} INFO - Processing file /opt/airflow/dags/system_info_dag.py for tasks to queue
[2025-12-09T18:57:12.005+0000] {logging_mixin.py:188} INFO - [2025-12-09T18:57:12.004+0000] {dagbag.py:540} INFO - Filling up the DagBag from /opt/airflow/dags/system_info_dag.py
[2025-12-09T18:57:12.037+0000] {processor.py:840} INFO - DAG(s) 'system_info_dag' retrieved from /opt/airflow/dags/system_info_dag.py
[2025-12-09T18:57:12.085+0000] {logging_mixin.py:188} INFO - [2025-12-09T18:57:12.085+0000] {dag.py:3096} INFO - Sync 1 DAGs
[2025-12-09T18:57:12.140+0000] {logging_mixin.py:188} INFO - [2025-12-09T18:57:12.140+0000] {dag.py:3954} INFO - Setting next_dagrun for system_info_dag to 2025-12-09 18:56:00+00:00, run_after=2025-12-09 18:57:00+00:00
[2025-12-09T18:57:12.245+0000] {processor.py:183} INFO - Processing /opt/airflow/dags/system_info_dag.py took 0.257 seconds
[2025-12-09T18:59:51.105+0000] {processor.py:161} INFO - Started process (PID=49) to work on /opt/airflow/dags/system_info_dag.py
[2025-12-09T18:59:51.107+0000] {processor.py:830} INFO - Processing file /opt/airflow/dags/system_info_dag.py for tasks to queue
[2025-12-09T18:59:51.109+0000] {logging_mixin.py:188} INFO - [2025-12-09T18:59:51.109+0000] {dagbag.py:540} INFO - Filling up the DagBag from /opt/airflow/dags/system_info_dag.py
[2025-12-09T18:59:51.142+0000] {processor.py:840} INFO - DAG(s) 'system_info_dag' retrieved from /opt/airflow/dags/system_info_dag.py
[2025-12-09T18:59:51.214+0000] {logging_mixin.py:188} INFO - [2025-12-09T18:59:51.213+0000] {dag.py:3096} INFO - Sync 1 DAGs
[2025-12-09T18:57:16.549+0000] {logging_mixin.py:188} INFO - [2025-12-09T18:57:16.549+0000] {dag.py:3954} INFO - Setting next_dagrun for system_info_dag to 2025-12-09 18:56:00+00:00, run_after=2025-12-09 18:57:00+00:00
[2025-12-09T18:57:16.641+0000] {processor.py:183} INFO - Processing /opt/airflow/dags/system_info_dag.py took 0.271 seconds
[2025-12-09T18:57:47.094+0000] {processor.py:161} INFO - Started process (PID=51) to work on /opt/airflow/dags/system_info_dag.py
[2025-12-09T18:57:47.096+0000] {processor.py:830} INFO - Processing file /opt/airflow/dags/system_info_dag.py for tasks to queue
[2025-12-09T18:57:47.098+0000] {logging_mixin.py:188} INFO - [2025-12-09T18:57:47.098+0000] {dagbag.py:540} INFO - Filling up the DagBag from /opt/airflow/dags/system_info_dag.py
[2025-12-09T18:57:47.128+0000] {processor.py:840} INFO - DAG(s) 'system_info_dag' retrieved from /opt/airflow/dags/system_info_dag.py
[2025-12-09T18:57:47.198+0000] {logging_mixin.py:188} INFO - [2025-12-09T18:57:47.198+0000] {dag.py:3096} INFO - Sync 1 DAGs
[2025-12-09T18:57:47.256+0000] {logging_mixin.py:188} INFO - [2025-12-09T18:57:47.256+0000] {dag.py:3954} INFO - Setting next_dagrun for system_info_dag to 2025-12-09 18:56:00+00:00, run_after=2025-12-09 18:57:00+00:00
[2025-12-09T18:57:47.446+0000] {processor.py:183} INFO - Processing /opt/airflow/dags/system_info_dag.py took 0.362 seconds
[2025-12-09T19:00:26.249+0000] {processor.py:161} INFO - Started process (PID=53) to work on /opt/airflow/dags/system_info_dag.py
[2025-12-09T19:00:26.250+0000] {processor.py:830} INFO - Processing file /opt/airflow/dags/system_info_dag.py for tasks to queue
[2025-12-09T19:00:26.252+0000] {logging_mixin.py:188} INFO - [2025-12-09T19:00:26.252+0000] {dagbag.py:540} INFO - Filling up the DagBag from /opt/airflow/dags/system_info_dag.py
[2025-12-09T19:00:26.283+0000] {processor.py:840} INFO - DAG(s) 'system_info_dag' retrieved from /opt/airflow/dags/system_info_dag.py
[2025-12-09T18:57:51.666+0000] {logging_mixin.py:188} INFO - [2025-12-09T18:57:51.666+0000] {dag.py:3096} INFO - Sync 1 DAGs
[2025-12-09T18:57:51.723+0000] {logging_mixin.py:188} INFO - [2025-12-09T18:57:51.723+0000] {dag.py:3954} INFO - Setting next_dagrun for system_info_dag to 2025-12-09 18:56:00+00:00, run_after=2025-12-09 18:57:00+00:00
[2025-12-09T18:57:51.834+0000] {processor.py:183} INFO - Processing /opt/airflow/dags/system_info_dag.py took 0.311 seconds
[2025-12-09T19:00:34.739+0000] {processor.py:161} INFO - Started process (PID=55) to work on /opt/airflow/dags/system_info_dag.py
[2025-12-09T19:00:34.740+0000] {processor.py:830} INFO - Processing file /opt/airflow/dags/system_info_dag.py for tasks to queue
[2025-12-09T19:00:34.743+0000] {logging_mixin.py:188} INFO - [2025-12-09T19:00:34.743+0000] {dagbag.py:540} INFO - Filling up the DagBag from /opt/airflow/dags/system_info_dag.py
[2025-12-09T19:00:34.782+0000] {processor.py:840} INFO - DAG(s) 'system_info_dag' retrieved from /opt/airflow/dags/system_info_dag.py
[2025-12-09T18:58:00.141+0000] {logging_mixin.py:188} INFO - [2025-12-09T18:58:00.141+0000] {dag.py:3096} INFO - Sync 1 DAGs
[2025-12-09T18:58:00.196+0000] {logging_mixin.py:188} INFO - [2025-12-09T18:58:00.196+0000] {dag.py:3954} INFO - Setting next_dagrun for system_info_dag to 2025-12-09 18:57:00+00:00, run_after=2025-12-09 18:58:00+00:00
[2025-12-09T18:58:00.275+0000] {processor.py:183} INFO - Processing /opt/airflow/dags/system_info_dag.py took 0.272 seconds
[2025-12-09T19:00:46.213+0000] {processor.py:161} INFO - Started process (PID=57) to work on /opt/airflow/dags/system_info_dag.py
[2025-12-09T19:00:46.215+0000] {processor.py:830} INFO - Processing file /opt/airflow/dags/system_info_dag.py for tasks to queue
[2025-12-09T19:00:46.218+0000] {logging_mixin.py:188} INFO - [2025-12-09T19:00:46.217+0000] {dagbag.py:540} INFO - Filling up the DagBag from /opt/airflow/dags/system_info_dag.py
[2025-12-09T19:00:46.254+0000] {processor.py:840} INFO - DAG(s) 'system_info_dag' retrieved from /opt/airflow/dags/system_info_dag.py
[2025-12-09T19:00:46.332+0000] {logging_mixin.py:188} INFO - [2025-12-09T19:00:46.332+0000] {dag.py:3096} INFO - Sync 1 DAGs
[2025-12-09T19:00:46.385+0000] {logging_mixin.py:188} INFO - [2025-12-09T19:00:46.385+0000] {dag.py:3954} INFO - Setting next_dagrun for system_info_dag to 2025-12-09 18:59:00+00:00, run_after=2025-12-09 19:00:00+00:00
[2025-12-09T19:00:46.493+0000] {processor.py:183} INFO - Processing /opt/airflow/dags/system_info_dag.py took 0.289 seconds
[2025-12-09T19:01:47.236+0000] {processor.py:161} INFO - Started process (PID=59) to work on /opt/airflow/dags/system_info_dag.py
[2025-12-09T19:01:47.238+0000] {processor.py:830} INFO - Processing file /opt/airflow/dags/system_info_dag.py for tasks to queue
[2025-12-09T19:01:47.241+0000] {logging_mixin.py:188} INFO - [2025-12-09T19:01:47.240+0000] {dagbag.py:540} INFO - Filling up the DagBag from /opt/airflow/dags/system_info_dag.py
[2025-12-09T19:01:47.271+0000] {processor.py:840} INFO - DAG(s) 'system_info_dag' retrieved from /opt/airflow/dags/system_info_dag.py
[2025-12-09T19:01:47.339+0000] {logging_mixin.py:188} INFO - [2025-12-09T19:01:47.338+0000] {dag.py:3096} INFO - Sync 1 DAGs
[2025-12-09T19:01:47.395+0000] {logging_mixin.py:188} INFO - [2025-12-09T19:01:47.395+0000] {dag.py:3954} INFO - Setting next_dagrun for system_info_dag to 2025-12-09 19:00:00+00:00, run_after=2025-12-09 19:01:00+00:00
[2025-12-09T19:01:47.536+0000] {processor.py:183} INFO - Processing /opt/airflow/dags/system_info_dag.py took 0.310 seconds
[2025-12-09T19:02:22.040+0000] {processor.py:161} INFO - Started process (PID=61) to work on /opt/airflow/dags/system_info_dag.py
[2025-12-09T19:02:22.041+0000] {processor.py:830} INFO - Processing file /opt/airflow/dags/system_info_dag.py for tasks to queue
[2025-12-09T19:02:22.044+0000] {logging_mixin.py:188} INFO - [2025-12-09T19:02:22.044+0000] {dagbag.py:540} INFO - Filling up the DagBag from /opt/airflow/dags/system_info_dag.py
[2025-12-09T19:02:22.079+0000] {processor.py:840} INFO - DAG(s) 'system_info_dag' retrieved from /opt/airflow/dags/system_info_dag.py
[2025-12-09T19:02:22.164+0000] {logging_mixin.py:188} INFO - [2025-12-09T19:02:22.164+0000] {dag.py:3096} INFO - Sync 1 DAGs
[2025-12-09T19:02:22.228+0000] {logging_mixin.py:188} INFO - [2025-12-09T19:02:22.228+0000] {dag.py:3954} INFO - Setting next_dagrun for system_info_dag to 2025-12-09 19:01:00+00:00, run_after=2025-12-09 19:02:00+00:00
[2025-12-09T19:02:22.352+0000] {processor.py:183} INFO - Processing /opt/airflow/dags/system_info_dag.py took 0.326 seconds
[2025-12-09T19:00:30.142+0000] {processor.py:161} INFO - Started process (PID=65) to work on /opt/airflow/dags/system_info_dag.py
[2025-12-09T19:00:30.144+0000] {processor.py:830} INFO - Processing file /opt/airflow/dags/system_info_dag.py for tasks to queue
[2025-12-09T19:00:30.151+0000] {logging_mixin.py:188} INFO - [2025-12-09T19:00:30.150+0000] {dagbag.py:540} INFO - Filling up the DagBag from /opt/airflow/dags/system_info_dag.py
[2025-12-09T19:00:30.186+0000] {processor.py:840} INFO - DAG(s) 'system_info_dag' retrieved from /opt/airflow/dags/system_info_dag.py
[2025-12-09T19:00:30.265+0000] {logging_mixin.py:188} INFO - [2025-12-09T19:00:30.265+0000] {dag.py:3096} INFO - Sync 1 DAGs
[2025-12-09T19:00:30.336+0000] {logging_mixin.py:188} INFO - [2025-12-09T19:00:30.336+0000] {dag.py:3954} INFO - Setting next_dagrun for system_info_dag to 2025-12-09 18:59:00+00:00, run_after=2025-12-09 19:00:00+00:00
[2025-12-09T19:00:30.406+0000] {processor.py:183} INFO - Processing /opt/airflow/dags/system_info_dag.py took 0.274 seconds
[2025-12-09T19:03:17.048+0000] {processor.py:161} INFO - Started process (PID=67) to work on /opt/airflow/dags/system_info_dag.py
[2025-12-09T19:03:17.050+0000] {processor.py:830} INFO - Processing file /opt/airflow/dags/system_info_dag.py for tasks to queue
[2025-12-09T19:03:17.052+0000] {logging_mixin.py:188} INFO - [2025-12-09T19:03:17.052+0000] {dagbag.py:540} INFO - Filling up the DagBag from /opt/airflow/dags/system_info_dag.py
[2025-12-09T19:03:17.121+0000] {processor.py:840} INFO - DAG(s) 'system_info_dag' retrieved from /opt/airflow/dags/system_info_dag.py
[2025-12-09T19:03:17.192+0000] {logging_mixin.py:188} INFO - [2025-12-09T19:03:17.192+0000] {dag.py:3096} INFO - Sync 1 DAGs
[2025-12-09T19:03:17.253+0000] {logging_mixin.py:188} INFO - [2025-12-09T19:03:17.252+0000] {dag.py:3954} INFO - Setting next_dagrun for system_info_dag to 2025-12-09 19:02:00+00:00, run_after=2025-12-09 19:03:00+00:00
[2025-12-09T19:03:17.348+0000] {processor.py:183} INFO - Processing /opt/airflow/dags/system_info_dag.py took 0.310 seconds
