[2025-12-11T13:18:16.499+0000] {processor.py:161} INFO - Started process (PID=194) to work on /opt/airflow/dags/dag_1.py
[2025-12-11T13:18:16.500+0000] {processor.py:830} INFO - Processing file /opt/airflow/dags/dag_1.py for tasks to queue
[2025-12-11T13:18:16.502+0000] {logging_mixin.py:188} INFO - [2025-12-11T13:18:16.501+0000] {dagbag.py:540} INFO - Filling up the DagBag from /opt/airflow/dags/dag_1.py
[2025-12-11T13:18:16.522+0000] {logging_mixin.py:188} INFO - [2025-12-11T13:18:16.520+0000] {dagbag.py:350} ERROR - Failed to import: /opt/airflow/dags/dag_1.py
Traceback (most recent call last):
  File "/home/airflow/.local/lib/python3.12/site-packages/airflow/models/dagbag.py", line 346, in parse
    loader.exec_module(new_module)
  File "<frozen importlib._bootstrap_external>", line 991, in exec_module
  File "<frozen importlib._bootstrap_external>", line 1129, in get_code
  File "<frozen importlib._bootstrap_external>", line 1059, in source_to_code
  File "<frozen importlib._bootstrap>", line 488, in _call_with_frames_removed
  File "/opt/airflow/dags/dag_1.py", line 9
    host postgres,
    ^^^^^^^^^^^^^
SyntaxError: invalid syntax. Perhaps you forgot a comma?
[2025-12-11T13:18:16.524+0000] {processor.py:842} WARNING - No viable dags retrieved from /opt/airflow/dags/dag_1.py
[2025-12-11T13:18:16.632+0000] {processor.py:183} INFO - Processing /opt/airflow/dags/dag_1.py took 0.143 seconds
[2025-12-11T13:18:16.682+0000] {processor.py:161} INFO - Started process (PID=195) to work on /opt/airflow/dags/dag_1.py
[2025-12-11T13:18:16.683+0000] {processor.py:830} INFO - Processing file /opt/airflow/dags/dag_1.py for tasks to queue
[2025-12-11T13:18:16.685+0000] {logging_mixin.py:188} INFO - [2025-12-11T13:18:16.684+0000] {dagbag.py:540} INFO - Filling up the DagBag from /opt/airflow/dags/dag_1.py
[2025-12-11T13:18:16.704+0000] {logging_mixin.py:188} INFO - [2025-12-11T13:18:16.702+0000] {dagbag.py:350} ERROR - Failed to import: /opt/airflow/dags/dag_1.py
Traceback (most recent call last):
  File "/home/airflow/.local/lib/python3.12/site-packages/airflow/models/dagbag.py", line 346, in parse
    loader.exec_module(new_module)
  File "<frozen importlib._bootstrap_external>", line 991, in exec_module
  File "<frozen importlib._bootstrap_external>", line 1129, in get_code
  File "<frozen importlib._bootstrap_external>", line 1059, in source_to_code
  File "<frozen importlib._bootstrap>", line 488, in _call_with_frames_removed
  File "/opt/airflow/dags/dag_1.py", line 9
    host postgres,
    ^^^^^^^^^^^^^
SyntaxError: invalid syntax. Perhaps you forgot a comma?
[2025-12-11T13:18:16.705+0000] {processor.py:842} WARNING - No viable dags retrieved from /opt/airflow/dags/dag_1.py
[2025-12-11T13:18:16.790+0000] {processor.py:183} INFO - Processing /opt/airflow/dags/dag_1.py took 0.118 seconds
[2025-12-11T13:18:16.839+0000] {processor.py:161} INFO - Started process (PID=196) to work on /opt/airflow/dags/dag_1.py
[2025-12-11T13:18:16.841+0000] {processor.py:830} INFO - Processing file /opt/airflow/dags/dag_1.py for tasks to queue
[2025-12-11T13:18:16.842+0000] {logging_mixin.py:188} INFO - [2025-12-11T13:18:16.842+0000] {dagbag.py:540} INFO - Filling up the DagBag from /opt/airflow/dags/dag_1.py
[2025-12-11T13:18:16.861+0000] {logging_mixin.py:188} INFO - [2025-12-11T13:18:16.859+0000] {dagbag.py:350} ERROR - Failed to import: /opt/airflow/dags/dag_1.py
Traceback (most recent call last):
  File "/home/airflow/.local/lib/python3.12/site-packages/airflow/models/dagbag.py", line 346, in parse
    loader.exec_module(new_module)
  File "<frozen importlib._bootstrap_external>", line 991, in exec_module
  File "<frozen importlib._bootstrap_external>", line 1129, in get_code
  File "<frozen importlib._bootstrap_external>", line 1059, in source_to_code
  File "<frozen importlib._bootstrap>", line 488, in _call_with_frames_removed
  File "/opt/airflow/dags/dag_1.py", line 9
    host postgres,
    ^^^^^^^^^^^^^
SyntaxError: invalid syntax. Perhaps you forgot a comma?
[2025-12-11T13:18:16.862+0000] {processor.py:842} WARNING - No viable dags retrieved from /opt/airflow/dags/dag_1.py
[2025-12-11T13:18:16.948+0000] {processor.py:183} INFO - Processing /opt/airflow/dags/dag_1.py took 0.118 seconds
[2025-12-11T13:18:16.997+0000] {processor.py:161} INFO - Started process (PID=197) to work on /opt/airflow/dags/dag_1.py
[2025-12-11T13:18:16.998+0000] {processor.py:830} INFO - Processing file /opt/airflow/dags/dag_1.py for tasks to queue
[2025-12-11T13:18:17.000+0000] {logging_mixin.py:188} INFO - [2025-12-11T13:18:16.999+0000] {dagbag.py:540} INFO - Filling up the DagBag from /opt/airflow/dags/dag_1.py
[2025-12-11T13:18:17.017+0000] {logging_mixin.py:188} INFO - [2025-12-11T13:18:17.015+0000] {dagbag.py:350} ERROR - Failed to import: /opt/airflow/dags/dag_1.py
Traceback (most recent call last):
  File "/home/airflow/.local/lib/python3.12/site-packages/airflow/models/dagbag.py", line 346, in parse
    loader.exec_module(new_module)
  File "<frozen importlib._bootstrap_external>", line 991, in exec_module
  File "<frozen importlib._bootstrap_external>", line 1129, in get_code
  File "<frozen importlib._bootstrap_external>", line 1059, in source_to_code
  File "<frozen importlib._bootstrap>", line 488, in _call_with_frames_removed
  File "/opt/airflow/dags/dag_1.py", line 9
    host postgres,
    ^^^^^^^^^^^^^
SyntaxError: invalid syntax. Perhaps you forgot a comma?
[2025-12-11T13:18:17.018+0000] {processor.py:842} WARNING - No viable dags retrieved from /opt/airflow/dags/dag_1.py
[2025-12-11T13:18:17.107+0000] {processor.py:183} INFO - Processing /opt/airflow/dags/dag_1.py took 0.119 seconds
[2025-12-11T13:18:17.157+0000] {processor.py:161} INFO - Started process (PID=198) to work on /opt/airflow/dags/dag_1.py
[2025-12-11T13:18:17.158+0000] {processor.py:830} INFO - Processing file /opt/airflow/dags/dag_1.py for tasks to queue
[2025-12-11T13:18:17.160+0000] {logging_mixin.py:188} INFO - [2025-12-11T13:18:17.159+0000] {dagbag.py:540} INFO - Filling up the DagBag from /opt/airflow/dags/dag_1.py
[2025-12-11T13:18:17.177+0000] {logging_mixin.py:188} INFO - [2025-12-11T13:18:17.176+0000] {dagbag.py:350} ERROR - Failed to import: /opt/airflow/dags/dag_1.py
Traceback (most recent call last):
  File "/home/airflow/.local/lib/python3.12/site-packages/airflow/models/dagbag.py", line 346, in parse
    loader.exec_module(new_module)
  File "<frozen importlib._bootstrap_external>", line 991, in exec_module
  File "<frozen importlib._bootstrap_external>", line 1129, in get_code
  File "<frozen importlib._bootstrap_external>", line 1059, in source_to_code
  File "<frozen importlib._bootstrap>", line 488, in _call_with_frames_removed
  File "/opt/airflow/dags/dag_1.py", line 9
    host postgres,
    ^^^^^^^^^^^^^
SyntaxError: invalid syntax. Perhaps you forgot a comma?
[2025-12-11T13:18:17.178+0000] {processor.py:842} WARNING - No viable dags retrieved from /opt/airflow/dags/dag_1.py
[2025-12-11T13:18:17.265+0000] {processor.py:183} INFO - Processing /opt/airflow/dags/dag_1.py took 0.117 seconds
[2025-12-11T13:18:17.317+0000] {processor.py:161} INFO - Started process (PID=199) to work on /opt/airflow/dags/dag_1.py
[2025-12-11T13:18:17.318+0000] {processor.py:830} INFO - Processing file /opt/airflow/dags/dag_1.py for tasks to queue
[2025-12-11T13:18:17.320+0000] {logging_mixin.py:188} INFO - [2025-12-11T13:18:17.319+0000] {dagbag.py:540} INFO - Filling up the DagBag from /opt/airflow/dags/dag_1.py
[2025-12-11T13:18:17.339+0000] {logging_mixin.py:188} INFO - [2025-12-11T13:18:17.337+0000] {dagbag.py:350} ERROR - Failed to import: /opt/airflow/dags/dag_1.py
Traceback (most recent call last):
  File "/home/airflow/.local/lib/python3.12/site-packages/airflow/models/dagbag.py", line 346, in parse
    loader.exec_module(new_module)
  File "<frozen importlib._bootstrap_external>", line 991, in exec_module
  File "<frozen importlib._bootstrap_external>", line 1129, in get_code
  File "<frozen importlib._bootstrap_external>", line 1059, in source_to_code
  File "<frozen importlib._bootstrap>", line 488, in _call_with_frames_removed
  File "/opt/airflow/dags/dag_1.py", line 9
    host postgres,
    ^^^^^^^^^^^^^
SyntaxError: invalid syntax. Perhaps you forgot a comma?
[2025-12-11T13:18:17.340+0000] {processor.py:842} WARNING - No viable dags retrieved from /opt/airflow/dags/dag_1.py
[2025-12-11T13:18:17.432+0000] {processor.py:183} INFO - Processing /opt/airflow/dags/dag_1.py took 0.125 seconds
[2025-12-11T13:18:17.483+0000] {processor.py:161} INFO - Started process (PID=200) to work on /opt/airflow/dags/dag_1.py
[2025-12-11T13:18:17.484+0000] {processor.py:830} INFO - Processing file /opt/airflow/dags/dag_1.py for tasks to queue
[2025-12-11T13:18:17.486+0000] {logging_mixin.py:188} INFO - [2025-12-11T13:18:17.486+0000] {dagbag.py:540} INFO - Filling up the DagBag from /opt/airflow/dags/dag_1.py
[2025-12-11T13:18:17.507+0000] {logging_mixin.py:188} INFO - [2025-12-11T13:18:17.506+0000] {dagbag.py:350} ERROR - Failed to import: /opt/airflow/dags/dag_1.py
Traceback (most recent call last):
  File "/home/airflow/.local/lib/python3.12/site-packages/airflow/models/dagbag.py", line 346, in parse
    loader.exec_module(new_module)
  File "<frozen importlib._bootstrap_external>", line 991, in exec_module
  File "<frozen importlib._bootstrap_external>", line 1129, in get_code
  File "<frozen importlib._bootstrap_external>", line 1059, in source_to_code
  File "<frozen importlib._bootstrap>", line 488, in _call_with_frames_removed
  File "/opt/airflow/dags/dag_1.py", line 9
    host postgres,
    ^^^^^^^^^^^^^
SyntaxError: invalid syntax. Perhaps you forgot a comma?
[2025-12-11T13:18:17.508+0000] {processor.py:842} WARNING - No viable dags retrieved from /opt/airflow/dags/dag_1.py
[2025-12-11T13:18:17.598+0000] {processor.py:183} INFO - Processing /opt/airflow/dags/dag_1.py took 0.124 seconds
[2025-12-11T13:18:17.648+0000] {processor.py:161} INFO - Started process (PID=201) to work on /opt/airflow/dags/dag_1.py
[2025-12-11T13:18:17.650+0000] {processor.py:830} INFO - Processing file /opt/airflow/dags/dag_1.py for tasks to queue
[2025-12-11T13:18:17.651+0000] {logging_mixin.py:188} INFO - [2025-12-11T13:18:17.651+0000] {dagbag.py:540} INFO - Filling up the DagBag from /opt/airflow/dags/dag_1.py
[2025-12-11T13:18:17.670+0000] {logging_mixin.py:188} INFO - [2025-12-11T13:18:17.668+0000] {dagbag.py:350} ERROR - Failed to import: /opt/airflow/dags/dag_1.py
Traceback (most recent call last):
  File "/home/airflow/.local/lib/python3.12/site-packages/airflow/models/dagbag.py", line 346, in parse
    loader.exec_module(new_module)
  File "<frozen importlib._bootstrap_external>", line 991, in exec_module
  File "<frozen importlib._bootstrap_external>", line 1129, in get_code
  File "<frozen importlib._bootstrap_external>", line 1059, in source_to_code
  File "<frozen importlib._bootstrap>", line 488, in _call_with_frames_removed
  File "/opt/airflow/dags/dag_1.py", line 9
    host postgres,
    ^^^^^^^^^^^^^
SyntaxError: invalid syntax. Perhaps you forgot a comma?
[2025-12-11T13:18:17.671+0000] {processor.py:842} WARNING - No viable dags retrieved from /opt/airflow/dags/dag_1.py
[2025-12-11T13:18:17.782+0000] {processor.py:183} INFO - Processing /opt/airflow/dags/dag_1.py took 0.143 seconds
[2025-12-11T13:18:17.837+0000] {processor.py:161} INFO - Started process (PID=202) to work on /opt/airflow/dags/dag_1.py
[2025-12-11T13:18:17.839+0000] {processor.py:830} INFO - Processing file /opt/airflow/dags/dag_1.py for tasks to queue
[2025-12-11T13:18:17.841+0000] {logging_mixin.py:188} INFO - [2025-12-11T13:18:17.840+0000] {dagbag.py:540} INFO - Filling up the DagBag from /opt/airflow/dags/dag_1.py
[2025-12-11T13:18:17.862+0000] {logging_mixin.py:188} INFO - [2025-12-11T13:18:17.860+0000] {dagbag.py:350} ERROR - Failed to import: /opt/airflow/dags/dag_1.py
Traceback (most recent call last):
  File "/home/airflow/.local/lib/python3.12/site-packages/airflow/models/dagbag.py", line 346, in parse
    loader.exec_module(new_module)
  File "<frozen importlib._bootstrap_external>", line 991, in exec_module
  File "<frozen importlib._bootstrap_external>", line 1129, in get_code
  File "<frozen importlib._bootstrap_external>", line 1059, in source_to_code
  File "<frozen importlib._bootstrap>", line 488, in _call_with_frames_removed
  File "/opt/airflow/dags/dag_1.py", line 9
    host postgres,
    ^^^^^^^^^^^^^
SyntaxError: invalid syntax. Perhaps you forgot a comma?
[2025-12-11T13:18:17.864+0000] {processor.py:842} WARNING - No viable dags retrieved from /opt/airflow/dags/dag_1.py
[2025-12-11T13:18:17.949+0000] {processor.py:183} INFO - Processing /opt/airflow/dags/dag_1.py took 0.123 seconds
[2025-12-11T13:18:17.999+0000] {processor.py:161} INFO - Started process (PID=203) to work on /opt/airflow/dags/dag_1.py
[2025-12-11T13:18:18.001+0000] {processor.py:830} INFO - Processing file /opt/airflow/dags/dag_1.py for tasks to queue
[2025-12-11T13:18:18.003+0000] {logging_mixin.py:188} INFO - [2025-12-11T13:18:18.002+0000] {dagbag.py:540} INFO - Filling up the DagBag from /opt/airflow/dags/dag_1.py
[2025-12-11T13:18:18.023+0000] {logging_mixin.py:188} INFO - [2025-12-11T13:18:18.021+0000] {dagbag.py:350} ERROR - Failed to import: /opt/airflow/dags/dag_1.py
Traceback (most recent call last):
  File "/home/airflow/.local/lib/python3.12/site-packages/airflow/models/dagbag.py", line 346, in parse
    loader.exec_module(new_module)
  File "<frozen importlib._bootstrap_external>", line 991, in exec_module
  File "<frozen importlib._bootstrap_external>", line 1129, in get_code
  File "<frozen importlib._bootstrap_external>", line 1059, in source_to_code
  File "<frozen importlib._bootstrap>", line 488, in _call_with_frames_removed
  File "/opt/airflow/dags/dag_1.py", line 9
    host postgres,
    ^^^^^^^^^^^^^
SyntaxError: invalid syntax. Perhaps you forgot a comma?
[2025-12-11T13:18:18.024+0000] {processor.py:842} WARNING - No viable dags retrieved from /opt/airflow/dags/dag_1.py
[2025-12-11T13:18:18.115+0000] {processor.py:183} INFO - Processing /opt/airflow/dags/dag_1.py took 0.125 seconds
[2025-12-11T13:18:18.167+0000] {processor.py:161} INFO - Started process (PID=204) to work on /opt/airflow/dags/dag_1.py
[2025-12-11T13:18:18.169+0000] {processor.py:830} INFO - Processing file /opt/airflow/dags/dag_1.py for tasks to queue
[2025-12-11T13:18:18.170+0000] {logging_mixin.py:188} INFO - [2025-12-11T13:18:18.170+0000] {dagbag.py:540} INFO - Filling up the DagBag from /opt/airflow/dags/dag_1.py
[2025-12-11T13:18:18.191+0000] {logging_mixin.py:188} INFO - [2025-12-11T13:18:18.189+0000] {dagbag.py:350} ERROR - Failed to import: /opt/airflow/dags/dag_1.py
Traceback (most recent call last):
  File "/home/airflow/.local/lib/python3.12/site-packages/airflow/models/dagbag.py", line 346, in parse
    loader.exec_module(new_module)
  File "<frozen importlib._bootstrap_external>", line 991, in exec_module
  File "<frozen importlib._bootstrap_external>", line 1129, in get_code
  File "<frozen importlib._bootstrap_external>", line 1059, in source_to_code
  File "<frozen importlib._bootstrap>", line 488, in _call_with_frames_removed
  File "/opt/airflow/dags/dag_1.py", line 9
    host postgres,
    ^^^^^^^^^^^^^
SyntaxError: invalid syntax. Perhaps you forgot a comma?
[2025-12-11T13:18:18.192+0000] {processor.py:842} WARNING - No viable dags retrieved from /opt/airflow/dags/dag_1.py
[2025-12-11T13:18:18.282+0000] {processor.py:183} INFO - Processing /opt/airflow/dags/dag_1.py took 0.125 seconds
[2025-12-11T13:18:18.333+0000] {processor.py:161} INFO - Started process (PID=205) to work on /opt/airflow/dags/dag_1.py
[2025-12-11T13:18:18.335+0000] {processor.py:830} INFO - Processing file /opt/airflow/dags/dag_1.py for tasks to queue
[2025-12-11T13:18:18.336+0000] {logging_mixin.py:188} INFO - [2025-12-11T13:18:18.336+0000] {dagbag.py:540} INFO - Filling up the DagBag from /opt/airflow/dags/dag_1.py
[2025-12-11T13:18:18.353+0000] {logging_mixin.py:188} INFO - [2025-12-11T13:18:18.351+0000] {dagbag.py:350} ERROR - Failed to import: /opt/airflow/dags/dag_1.py
Traceback (most recent call last):
  File "/home/airflow/.local/lib/python3.12/site-packages/airflow/models/dagbag.py", line 346, in parse
    loader.exec_module(new_module)
  File "<frozen importlib._bootstrap_external>", line 991, in exec_module
  File "<frozen importlib._bootstrap_external>", line 1129, in get_code
  File "<frozen importlib._bootstrap_external>", line 1059, in source_to_code
  File "<frozen importlib._bootstrap>", line 488, in _call_with_frames_removed
  File "/opt/airflow/dags/dag_1.py", line 9
    host postgres,
    ^^^^^^^^^^^^^
SyntaxError: invalid syntax. Perhaps you forgot a comma?
[2025-12-11T13:18:18.354+0000] {processor.py:842} WARNING - No viable dags retrieved from /opt/airflow/dags/dag_1.py
[2025-12-11T13:18:18.457+0000] {processor.py:183} INFO - Processing /opt/airflow/dags/dag_1.py took 0.133 seconds
[2025-12-11T13:18:18.507+0000] {processor.py:161} INFO - Started process (PID=206) to work on /opt/airflow/dags/dag_1.py
[2025-12-11T13:18:18.509+0000] {processor.py:830} INFO - Processing file /opt/airflow/dags/dag_1.py for tasks to queue
[2025-12-11T13:18:18.510+0000] {logging_mixin.py:188} INFO - [2025-12-11T13:18:18.510+0000] {dagbag.py:540} INFO - Filling up the DagBag from /opt/airflow/dags/dag_1.py
[2025-12-11T13:18:18.527+0000] {logging_mixin.py:188} INFO - [2025-12-11T13:18:18.525+0000] {dagbag.py:350} ERROR - Failed to import: /opt/airflow/dags/dag_1.py
Traceback (most recent call last):
  File "/home/airflow/.local/lib/python3.12/site-packages/airflow/models/dagbag.py", line 346, in parse
    loader.exec_module(new_module)
  File "<frozen importlib._bootstrap_external>", line 991, in exec_module
  File "<frozen importlib._bootstrap_external>", line 1129, in get_code
  File "<frozen importlib._bootstrap_external>", line 1059, in source_to_code
  File "<frozen importlib._bootstrap>", line 488, in _call_with_frames_removed
  File "/opt/airflow/dags/dag_1.py", line 9
    host postgres,
    ^^^^^^^^^^^^^
SyntaxError: invalid syntax. Perhaps you forgot a comma?
[2025-12-11T13:18:18.528+0000] {processor.py:842} WARNING - No viable dags retrieved from /opt/airflow/dags/dag_1.py
[2025-12-11T13:18:18.612+0000] {processor.py:183} INFO - Processing /opt/airflow/dags/dag_1.py took 0.114 seconds
[2025-12-11T13:18:18.661+0000] {processor.py:161} INFO - Started process (PID=207) to work on /opt/airflow/dags/dag_1.py
[2025-12-11T13:18:18.662+0000] {processor.py:830} INFO - Processing file /opt/airflow/dags/dag_1.py for tasks to queue
[2025-12-11T13:18:18.664+0000] {logging_mixin.py:188} INFO - [2025-12-11T13:18:18.663+0000] {dagbag.py:540} INFO - Filling up the DagBag from /opt/airflow/dags/dag_1.py
[2025-12-11T13:18:18.681+0000] {logging_mixin.py:188} INFO - [2025-12-11T13:18:18.679+0000] {dagbag.py:350} ERROR - Failed to import: /opt/airflow/dags/dag_1.py
Traceback (most recent call last):
  File "/home/airflow/.local/lib/python3.12/site-packages/airflow/models/dagbag.py", line 346, in parse
    loader.exec_module(new_module)
  File "<frozen importlib._bootstrap_external>", line 991, in exec_module
  File "<frozen importlib._bootstrap_external>", line 1129, in get_code
  File "<frozen importlib._bootstrap_external>", line 1059, in source_to_code
  File "<frozen importlib._bootstrap>", line 488, in _call_with_frames_removed
  File "/opt/airflow/dags/dag_1.py", line 9
    host postgres,
    ^^^^^^^^^^^^^
SyntaxError: invalid syntax. Perhaps you forgot a comma?
[2025-12-11T13:18:18.682+0000] {processor.py:842} WARNING - No viable dags retrieved from /opt/airflow/dags/dag_1.py
[2025-12-11T13:18:18.790+0000] {processor.py:183} INFO - Processing /opt/airflow/dags/dag_1.py took 0.138 seconds
[2025-12-11T13:18:18.841+0000] {processor.py:161} INFO - Started process (PID=208) to work on /opt/airflow/dags/dag_1.py
[2025-12-11T13:18:18.842+0000] {processor.py:830} INFO - Processing file /opt/airflow/dags/dag_1.py for tasks to queue
[2025-12-11T13:18:18.844+0000] {logging_mixin.py:188} INFO - [2025-12-11T13:18:18.843+0000] {dagbag.py:540} INFO - Filling up the DagBag from /opt/airflow/dags/dag_1.py
[2025-12-11T13:18:18.862+0000] {logging_mixin.py:188} INFO - [2025-12-11T13:18:18.860+0000] {dagbag.py:350} ERROR - Failed to import: /opt/airflow/dags/dag_1.py
Traceback (most recent call last):
  File "/home/airflow/.local/lib/python3.12/site-packages/airflow/models/dagbag.py", line 346, in parse
    loader.exec_module(new_module)
  File "<frozen importlib._bootstrap_external>", line 991, in exec_module
  File "<frozen importlib._bootstrap_external>", line 1129, in get_code
  File "<frozen importlib._bootstrap_external>", line 1059, in source_to_code
  File "<frozen importlib._bootstrap>", line 488, in _call_with_frames_removed
  File "/opt/airflow/dags/dag_1.py", line 9
    host postgres,
    ^^^^^^^^^^^^^
SyntaxError: invalid syntax. Perhaps you forgot a comma?
[2025-12-11T13:18:18.863+0000] {processor.py:842} WARNING - No viable dags retrieved from /opt/airflow/dags/dag_1.py
[2025-12-11T13:18:18.957+0000] {processor.py:183} INFO - Processing /opt/airflow/dags/dag_1.py took 0.125 seconds
[2025-12-11T13:18:19.006+0000] {processor.py:161} INFO - Started process (PID=209) to work on /opt/airflow/dags/dag_1.py
[2025-12-11T13:18:19.007+0000] {processor.py:830} INFO - Processing file /opt/airflow/dags/dag_1.py for tasks to queue
[2025-12-11T13:18:19.008+0000] {logging_mixin.py:188} INFO - [2025-12-11T13:18:19.008+0000] {dagbag.py:540} INFO - Filling up the DagBag from /opt/airflow/dags/dag_1.py
[2025-12-11T13:18:19.026+0000] {logging_mixin.py:188} INFO - [2025-12-11T13:18:19.025+0000] {dagbag.py:350} ERROR - Failed to import: /opt/airflow/dags/dag_1.py
Traceback (most recent call last):
  File "/home/airflow/.local/lib/python3.12/site-packages/airflow/models/dagbag.py", line 346, in parse
    loader.exec_module(new_module)
  File "<frozen importlib._bootstrap_external>", line 991, in exec_module
  File "<frozen importlib._bootstrap_external>", line 1129, in get_code
  File "<frozen importlib._bootstrap_external>", line 1059, in source_to_code
  File "<frozen importlib._bootstrap>", line 488, in _call_with_frames_removed
  File "/opt/airflow/dags/dag_1.py", line 9
    host postgres,
    ^^^^^^^^^^^^^
SyntaxError: invalid syntax. Perhaps you forgot a comma?
[2025-12-11T13:18:19.027+0000] {processor.py:842} WARNING - No viable dags retrieved from /opt/airflow/dags/dag_1.py
[2025-12-11T13:18:19.115+0000] {processor.py:183} INFO - Processing /opt/airflow/dags/dag_1.py took 0.118 seconds
[2025-12-11T13:18:19.164+0000] {processor.py:161} INFO - Started process (PID=210) to work on /opt/airflow/dags/dag_1.py
[2025-12-11T13:18:19.165+0000] {processor.py:830} INFO - Processing file /opt/airflow/dags/dag_1.py for tasks to queue
[2025-12-11T13:18:19.167+0000] {logging_mixin.py:188} INFO - [2025-12-11T13:18:19.166+0000] {dagbag.py:540} INFO - Filling up the DagBag from /opt/airflow/dags/dag_1.py
[2025-12-11T13:18:19.185+0000] {logging_mixin.py:188} INFO - [2025-12-11T13:18:19.183+0000] {dagbag.py:350} ERROR - Failed to import: /opt/airflow/dags/dag_1.py
Traceback (most recent call last):
  File "/home/airflow/.local/lib/python3.12/site-packages/airflow/models/dagbag.py", line 346, in parse
    loader.exec_module(new_module)
  File "<frozen importlib._bootstrap_external>", line 991, in exec_module
  File "<frozen importlib._bootstrap_external>", line 1129, in get_code
  File "<frozen importlib._bootstrap_external>", line 1059, in source_to_code
  File "<frozen importlib._bootstrap>", line 488, in _call_with_frames_removed
  File "/opt/airflow/dags/dag_1.py", line 9
    host postgres,
    ^^^^^^^^^^^^^
SyntaxError: invalid syntax. Perhaps you forgot a comma?
[2025-12-11T13:18:19.186+0000] {processor.py:842} WARNING - No viable dags retrieved from /opt/airflow/dags/dag_1.py
[2025-12-11T13:18:19.274+0000] {processor.py:183} INFO - Processing /opt/airflow/dags/dag_1.py took 0.119 seconds
[2025-12-11T13:18:19.324+0000] {processor.py:161} INFO - Started process (PID=211) to work on /opt/airflow/dags/dag_1.py
[2025-12-11T13:18:19.325+0000] {processor.py:830} INFO - Processing file /opt/airflow/dags/dag_1.py for tasks to queue
[2025-12-11T13:18:19.327+0000] {logging_mixin.py:188} INFO - [2025-12-11T13:18:19.327+0000] {dagbag.py:540} INFO - Filling up the DagBag from /opt/airflow/dags/dag_1.py
[2025-12-11T13:18:19.346+0000] {logging_mixin.py:188} INFO - [2025-12-11T13:18:19.345+0000] {dagbag.py:350} ERROR - Failed to import: /opt/airflow/dags/dag_1.py
Traceback (most recent call last):
  File "/home/airflow/.local/lib/python3.12/site-packages/airflow/models/dagbag.py", line 346, in parse
    loader.exec_module(new_module)
  File "<frozen importlib._bootstrap_external>", line 991, in exec_module
  File "<frozen importlib._bootstrap_external>", line 1129, in get_code
  File "<frozen importlib._bootstrap_external>", line 1059, in source_to_code
  File "<frozen importlib._bootstrap>", line 488, in _call_with_frames_removed
  File "/opt/airflow/dags/dag_1.py", line 9
    host postgres,
    ^^^^^^^^^^^^^
SyntaxError: invalid syntax. Perhaps you forgot a comma?
[2025-12-11T13:18:19.347+0000] {processor.py:842} WARNING - No viable dags retrieved from /opt/airflow/dags/dag_1.py
[2025-12-11T13:18:19.449+0000] {processor.py:183} INFO - Processing /opt/airflow/dags/dag_1.py took 0.134 seconds
[2025-12-11T13:18:19.498+0000] {processor.py:161} INFO - Started process (PID=212) to work on /opt/airflow/dags/dag_1.py
[2025-12-11T13:18:19.499+0000] {processor.py:830} INFO - Processing file /opt/airflow/dags/dag_1.py for tasks to queue
[2025-12-11T13:18:19.500+0000] {logging_mixin.py:188} INFO - [2025-12-11T13:18:19.500+0000] {dagbag.py:540} INFO - Filling up the DagBag from /opt/airflow/dags/dag_1.py
[2025-12-11T13:18:19.518+0000] {logging_mixin.py:188} INFO - [2025-12-11T13:18:19.516+0000] {dagbag.py:350} ERROR - Failed to import: /opt/airflow/dags/dag_1.py
Traceback (most recent call last):
  File "/home/airflow/.local/lib/python3.12/site-packages/airflow/models/dagbag.py", line 346, in parse
    loader.exec_module(new_module)
  File "<frozen importlib._bootstrap_external>", line 991, in exec_module
  File "<frozen importlib._bootstrap_external>", line 1129, in get_code
  File "<frozen importlib._bootstrap_external>", line 1059, in source_to_code
  File "<frozen importlib._bootstrap>", line 488, in _call_with_frames_removed
  File "/opt/airflow/dags/dag_1.py", line 9
    host postgres,
    ^^^^^^^^^^^^^
SyntaxError: invalid syntax. Perhaps you forgot a comma?
[2025-12-11T13:18:19.519+0000] {processor.py:842} WARNING - No viable dags retrieved from /opt/airflow/dags/dag_1.py
[2025-12-11T13:18:19.607+0000] {processor.py:183} INFO - Processing /opt/airflow/dags/dag_1.py took 0.118 seconds
[2025-12-11T13:18:19.656+0000] {processor.py:161} INFO - Started process (PID=213) to work on /opt/airflow/dags/dag_1.py
[2025-12-11T13:18:19.658+0000] {processor.py:830} INFO - Processing file /opt/airflow/dags/dag_1.py for tasks to queue
[2025-12-11T13:18:19.659+0000] {logging_mixin.py:188} INFO - [2025-12-11T13:18:19.659+0000] {dagbag.py:540} INFO - Filling up the DagBag from /opt/airflow/dags/dag_1.py
[2025-12-11T13:18:19.675+0000] {logging_mixin.py:188} INFO - [2025-12-11T13:18:19.673+0000] {dagbag.py:350} ERROR - Failed to import: /opt/airflow/dags/dag_1.py
Traceback (most recent call last):
  File "/home/airflow/.local/lib/python3.12/site-packages/airflow/models/dagbag.py", line 346, in parse
    loader.exec_module(new_module)
  File "<frozen importlib._bootstrap_external>", line 991, in exec_module
  File "<frozen importlib._bootstrap_external>", line 1129, in get_code
  File "<frozen importlib._bootstrap_external>", line 1059, in source_to_code
  File "<frozen importlib._bootstrap>", line 488, in _call_with_frames_removed
  File "/opt/airflow/dags/dag_1.py", line 9
    host postgres,
    ^^^^^^^^^^^^^
SyntaxError: invalid syntax. Perhaps you forgot a comma?
[2025-12-11T13:18:19.676+0000] {processor.py:842} WARNING - No viable dags retrieved from /opt/airflow/dags/dag_1.py
[2025-12-11T13:18:19.766+0000] {processor.py:183} INFO - Processing /opt/airflow/dags/dag_1.py took 0.118 seconds
[2025-12-11T13:18:19.815+0000] {processor.py:161} INFO - Started process (PID=214) to work on /opt/airflow/dags/dag_1.py
[2025-12-11T13:18:19.817+0000] {processor.py:830} INFO - Processing file /opt/airflow/dags/dag_1.py for tasks to queue
[2025-12-11T13:18:19.818+0000] {logging_mixin.py:188} INFO - [2025-12-11T13:18:19.818+0000] {dagbag.py:540} INFO - Filling up the DagBag from /opt/airflow/dags/dag_1.py
[2025-12-11T13:18:19.836+0000] {logging_mixin.py:188} INFO - [2025-12-11T13:18:19.832+0000] {dagbag.py:350} ERROR - Failed to import: /opt/airflow/dags/dag_1.py
Traceback (most recent call last):
  File "/home/airflow/.local/lib/python3.12/site-packages/airflow/models/dagbag.py", line 346, in parse
    loader.exec_module(new_module)
  File "<frozen importlib._bootstrap_external>", line 991, in exec_module
  File "<frozen importlib._bootstrap_external>", line 1129, in get_code
  File "<frozen importlib._bootstrap_external>", line 1059, in source_to_code
  File "<frozen importlib._bootstrap>", line 488, in _call_with_frames_removed
  File "/opt/airflow/dags/dag_1.py", line 9
    host postgres,
    ^^^^^^^^^^^^^
SyntaxError: invalid syntax. Perhaps you forgot a comma?
[2025-12-11T13:18:19.837+0000] {processor.py:842} WARNING - No viable dags retrieved from /opt/airflow/dags/dag_1.py
[2025-12-11T13:18:19.924+0000] {processor.py:183} INFO - Processing /opt/airflow/dags/dag_1.py took 0.117 seconds
[2025-12-11T13:18:19.973+0000] {processor.py:161} INFO - Started process (PID=215) to work on /opt/airflow/dags/dag_1.py
[2025-12-11T13:18:19.974+0000] {processor.py:830} INFO - Processing file /opt/airflow/dags/dag_1.py for tasks to queue
[2025-12-11T13:18:19.977+0000] {logging_mixin.py:188} INFO - [2025-12-11T13:18:19.975+0000] {dagbag.py:540} INFO - Filling up the DagBag from /opt/airflow/dags/dag_1.py
[2025-12-11T13:18:19.994+0000] {logging_mixin.py:188} INFO - [2025-12-11T13:18:19.992+0000] {dagbag.py:350} ERROR - Failed to import: /opt/airflow/dags/dag_1.py
Traceback (most recent call last):
  File "/home/airflow/.local/lib/python3.12/site-packages/airflow/models/dagbag.py", line 346, in parse
    loader.exec_module(new_module)
  File "<frozen importlib._bootstrap_external>", line 991, in exec_module
  File "<frozen importlib._bootstrap_external>", line 1129, in get_code
  File "<frozen importlib._bootstrap_external>", line 1059, in source_to_code
  File "<frozen importlib._bootstrap>", line 488, in _call_with_frames_removed
  File "/opt/airflow/dags/dag_1.py", line 9
    host postgres,
    ^^^^^^^^^^^^^
SyntaxError: invalid syntax. Perhaps you forgot a comma?
[2025-12-11T13:18:19.995+0000] {processor.py:842} WARNING - No viable dags retrieved from /opt/airflow/dags/dag_1.py
[2025-12-11T13:18:20.082+0000] {processor.py:183} INFO - Processing /opt/airflow/dags/dag_1.py took 0.118 seconds
[2025-12-11T13:18:20.134+0000] {processor.py:161} INFO - Started process (PID=216) to work on /opt/airflow/dags/dag_1.py
[2025-12-11T13:18:20.136+0000] {processor.py:830} INFO - Processing file /opt/airflow/dags/dag_1.py for tasks to queue
[2025-12-11T13:18:20.137+0000] {logging_mixin.py:188} INFO - [2025-12-11T13:18:20.137+0000] {dagbag.py:540} INFO - Filling up the DagBag from /opt/airflow/dags/dag_1.py
[2025-12-11T13:18:20.156+0000] {logging_mixin.py:188} INFO - [2025-12-11T13:18:20.155+0000] {dagbag.py:350} ERROR - Failed to import: /opt/airflow/dags/dag_1.py
Traceback (most recent call last):
  File "/home/airflow/.local/lib/python3.12/site-packages/airflow/models/dagbag.py", line 346, in parse
    loader.exec_module(new_module)
  File "<frozen importlib._bootstrap_external>", line 991, in exec_module
  File "<frozen importlib._bootstrap_external>", line 1129, in get_code
  File "<frozen importlib._bootstrap_external>", line 1059, in source_to_code
  File "<frozen importlib._bootstrap>", line 488, in _call_with_frames_removed
  File "/opt/airflow/dags/dag_1.py", line 9
    host postgres,
    ^^^^^^^^^^^^^
SyntaxError: invalid syntax. Perhaps you forgot a comma?
[2025-12-11T13:18:20.157+0000] {processor.py:842} WARNING - No viable dags retrieved from /opt/airflow/dags/dag_1.py
[2025-12-11T13:18:20.240+0000] {processor.py:183} INFO - Processing /opt/airflow/dags/dag_1.py took 0.117 seconds
[2025-12-11T13:18:20.292+0000] {processor.py:161} INFO - Started process (PID=217) to work on /opt/airflow/dags/dag_1.py
[2025-12-11T13:18:20.293+0000] {processor.py:830} INFO - Processing file /opt/airflow/dags/dag_1.py for tasks to queue
[2025-12-11T13:18:20.295+0000] {logging_mixin.py:188} INFO - [2025-12-11T13:18:20.294+0000] {dagbag.py:540} INFO - Filling up the DagBag from /opt/airflow/dags/dag_1.py
[2025-12-11T13:18:20.313+0000] {logging_mixin.py:188} INFO - [2025-12-11T13:18:20.311+0000] {dagbag.py:350} ERROR - Failed to import: /opt/airflow/dags/dag_1.py
Traceback (most recent call last):
  File "/home/airflow/.local/lib/python3.12/site-packages/airflow/models/dagbag.py", line 346, in parse
    loader.exec_module(new_module)
  File "<frozen importlib._bootstrap_external>", line 991, in exec_module
  File "<frozen importlib._bootstrap_external>", line 1129, in get_code
  File "<frozen importlib._bootstrap_external>", line 1059, in source_to_code
  File "<frozen importlib._bootstrap>", line 488, in _call_with_frames_removed
  File "/opt/airflow/dags/dag_1.py", line 9
    host postgres,
    ^^^^^^^^^^^^^
SyntaxError: invalid syntax. Perhaps you forgot a comma?
[2025-12-11T13:18:20.314+0000] {processor.py:842} WARNING - No viable dags retrieved from /opt/airflow/dags/dag_1.py
[2025-12-11T13:18:20.425+0000] {processor.py:183} INFO - Processing /opt/airflow/dags/dag_1.py took 0.144 seconds
[2025-12-11T13:18:20.505+0000] {processor.py:161} INFO - Started process (PID=218) to work on /opt/airflow/dags/dag_1.py
[2025-12-11T13:18:20.507+0000] {processor.py:830} INFO - Processing file /opt/airflow/dags/dag_1.py for tasks to queue
[2025-12-11T13:18:20.508+0000] {logging_mixin.py:188} INFO - [2025-12-11T13:18:20.508+0000] {dagbag.py:540} INFO - Filling up the DagBag from /opt/airflow/dags/dag_1.py
[2025-12-11T13:18:20.530+0000] {logging_mixin.py:188} INFO - [2025-12-11T13:18:20.528+0000] {dagbag.py:350} ERROR - Failed to import: /opt/airflow/dags/dag_1.py
Traceback (most recent call last):
  File "/home/airflow/.local/lib/python3.12/site-packages/airflow/models/dagbag.py", line 346, in parse
    loader.exec_module(new_module)
  File "<frozen importlib._bootstrap_external>", line 991, in exec_module
  File "<frozen importlib._bootstrap_external>", line 1129, in get_code
  File "<frozen importlib._bootstrap_external>", line 1059, in source_to_code
  File "<frozen importlib._bootstrap>", line 488, in _call_with_frames_removed
  File "/opt/airflow/dags/dag_1.py", line 9
    host postgres,
    ^^^^^^^^^^^^^
SyntaxError: invalid syntax. Perhaps you forgot a comma?
[2025-12-11T13:18:20.531+0000] {processor.py:842} WARNING - No viable dags retrieved from /opt/airflow/dags/dag_1.py
[2025-12-11T13:18:20.616+0000] {processor.py:183} INFO - Processing /opt/airflow/dags/dag_1.py took 0.122 seconds
[2025-12-11T13:18:20.667+0000] {processor.py:161} INFO - Started process (PID=219) to work on /opt/airflow/dags/dag_1.py
[2025-12-11T13:18:20.669+0000] {processor.py:830} INFO - Processing file /opt/airflow/dags/dag_1.py for tasks to queue
[2025-12-11T13:18:20.670+0000] {logging_mixin.py:188} INFO - [2025-12-11T13:18:20.670+0000] {dagbag.py:540} INFO - Filling up the DagBag from /opt/airflow/dags/dag_1.py
[2025-12-11T13:18:20.689+0000] {logging_mixin.py:188} INFO - [2025-12-11T13:18:20.688+0000] {dagbag.py:350} ERROR - Failed to import: /opt/airflow/dags/dag_1.py
Traceback (most recent call last):
  File "/home/airflow/.local/lib/python3.12/site-packages/airflow/models/dagbag.py", line 346, in parse
    loader.exec_module(new_module)
  File "<frozen importlib._bootstrap_external>", line 991, in exec_module
  File "<frozen importlib._bootstrap_external>", line 1129, in get_code
  File "<frozen importlib._bootstrap_external>", line 1059, in source_to_code
  File "<frozen importlib._bootstrap>", line 488, in _call_with_frames_removed
  File "/opt/airflow/dags/dag_1.py", line 9
    host postgres,
    ^^^^^^^^^^^^^
SyntaxError: invalid syntax. Perhaps you forgot a comma?
[2025-12-11T13:18:20.690+0000] {processor.py:842} WARNING - No viable dags retrieved from /opt/airflow/dags/dag_1.py
[2025-12-11T13:18:20.774+0000] {processor.py:183} INFO - Processing /opt/airflow/dags/dag_1.py took 0.116 seconds
[2025-12-11T13:18:20.826+0000] {processor.py:161} INFO - Started process (PID=220) to work on /opt/airflow/dags/dag_1.py
[2025-12-11T13:18:20.827+0000] {processor.py:830} INFO - Processing file /opt/airflow/dags/dag_1.py for tasks to queue
[2025-12-11T13:18:20.829+0000] {logging_mixin.py:188} INFO - [2025-12-11T13:18:20.829+0000] {dagbag.py:540} INFO - Filling up the DagBag from /opt/airflow/dags/dag_1.py
[2025-12-11T13:18:20.848+0000] {logging_mixin.py:188} INFO - [2025-12-11T13:18:20.847+0000] {dagbag.py:350} ERROR - Failed to import: /opt/airflow/dags/dag_1.py
Traceback (most recent call last):
  File "/home/airflow/.local/lib/python3.12/site-packages/airflow/models/dagbag.py", line 346, in parse
    loader.exec_module(new_module)
  File "<frozen importlib._bootstrap_external>", line 991, in exec_module
  File "<frozen importlib._bootstrap_external>", line 1129, in get_code
  File "<frozen importlib._bootstrap_external>", line 1059, in source_to_code
  File "<frozen importlib._bootstrap>", line 488, in _call_with_frames_removed
  File "/opt/airflow/dags/dag_1.py", line 9
    host postgres,
    ^^^^^^^^^^^^^
SyntaxError: invalid syntax. Perhaps you forgot a comma?
[2025-12-11T13:18:20.849+0000] {processor.py:842} WARNING - No viable dags retrieved from /opt/airflow/dags/dag_1.py
[2025-12-11T13:18:20.941+0000] {processor.py:183} INFO - Processing /opt/airflow/dags/dag_1.py took 0.124 seconds
[2025-12-11T13:18:20.993+0000] {processor.py:161} INFO - Started process (PID=221) to work on /opt/airflow/dags/dag_1.py
[2025-12-11T13:18:20.995+0000] {processor.py:830} INFO - Processing file /opt/airflow/dags/dag_1.py for tasks to queue
[2025-12-11T13:18:20.996+0000] {logging_mixin.py:188} INFO - [2025-12-11T13:18:20.996+0000] {dagbag.py:540} INFO - Filling up the DagBag from /opt/airflow/dags/dag_1.py
[2025-12-11T13:18:21.017+0000] {logging_mixin.py:188} INFO - [2025-12-11T13:18:21.015+0000] {dagbag.py:350} ERROR - Failed to import: /opt/airflow/dags/dag_1.py
Traceback (most recent call last):
  File "/home/airflow/.local/lib/python3.12/site-packages/airflow/models/dagbag.py", line 346, in parse
    loader.exec_module(new_module)
  File "<frozen importlib._bootstrap_external>", line 991, in exec_module
  File "<frozen importlib._bootstrap_external>", line 1129, in get_code
  File "<frozen importlib._bootstrap_external>", line 1059, in source_to_code
  File "<frozen importlib._bootstrap>", line 488, in _call_with_frames_removed
  File "/opt/airflow/dags/dag_1.py", line 9
    host postgres,
    ^^^^^^^^^^^^^
SyntaxError: invalid syntax. Perhaps you forgot a comma?
[2025-12-11T13:18:21.018+0000] {processor.py:842} WARNING - No viable dags retrieved from /opt/airflow/dags/dag_1.py
[2025-12-11T13:18:21.107+0000] {processor.py:183} INFO - Processing /opt/airflow/dags/dag_1.py took 0.123 seconds
[2025-12-11T13:18:21.164+0000] {processor.py:161} INFO - Started process (PID=222) to work on /opt/airflow/dags/dag_1.py
[2025-12-11T13:18:21.165+0000] {processor.py:830} INFO - Processing file /opt/airflow/dags/dag_1.py for tasks to queue
[2025-12-11T13:18:21.167+0000] {logging_mixin.py:188} INFO - [2025-12-11T13:18:21.166+0000] {dagbag.py:540} INFO - Filling up the DagBag from /opt/airflow/dags/dag_1.py
[2025-12-11T13:18:21.185+0000] {logging_mixin.py:188} INFO - [2025-12-11T13:18:21.183+0000] {dagbag.py:350} ERROR - Failed to import: /opt/airflow/dags/dag_1.py
Traceback (most recent call last):
  File "/home/airflow/.local/lib/python3.12/site-packages/airflow/models/dagbag.py", line 346, in parse
    loader.exec_module(new_module)
  File "<frozen importlib._bootstrap_external>", line 991, in exec_module
  File "<frozen importlib._bootstrap_external>", line 1129, in get_code
  File "<frozen importlib._bootstrap_external>", line 1059, in source_to_code
  File "<frozen importlib._bootstrap>", line 488, in _call_with_frames_removed
  File "/opt/airflow/dags/dag_1.py", line 9
    host postgres,
    ^^^^^^^^^^^^^
SyntaxError: invalid syntax. Perhaps you forgot a comma?
[2025-12-11T13:18:21.186+0000] {processor.py:842} WARNING - No viable dags retrieved from /opt/airflow/dags/dag_1.py
[2025-12-11T13:18:21.274+0000] {processor.py:183} INFO - Processing /opt/airflow/dags/dag_1.py took 0.120 seconds
[2025-12-11T13:18:21.326+0000] {processor.py:161} INFO - Started process (PID=223) to work on /opt/airflow/dags/dag_1.py
[2025-12-11T13:18:21.328+0000] {processor.py:830} INFO - Processing file /opt/airflow/dags/dag_1.py for tasks to queue
[2025-12-11T13:20:57.457+0000] {logging_mixin.py:188} INFO - [2025-12-11T13:20:57.456+0000] {dagbag.py:540} INFO - Filling up the DagBag from /opt/airflow/dags/dag_1.py
[2025-12-11T13:20:57.477+0000] {logging_mixin.py:188} INFO - [2025-12-11T13:20:57.475+0000] {dagbag.py:350} ERROR - Failed to import: /opt/airflow/dags/dag_1.py
Traceback (most recent call last):
  File "/home/airflow/.local/lib/python3.12/site-packages/airflow/models/dagbag.py", line 346, in parse
    loader.exec_module(new_module)
  File "<frozen importlib._bootstrap_external>", line 991, in exec_module
  File "<frozen importlib._bootstrap_external>", line 1129, in get_code
  File "<frozen importlib._bootstrap_external>", line 1059, in source_to_code
  File "<frozen importlib._bootstrap>", line 488, in _call_with_frames_removed
  File "/opt/airflow/dags/dag_1.py", line 9
    host postgres,
    ^^^^^^^^^^^^^
SyntaxError: invalid syntax. Perhaps you forgot a comma?
[2025-12-11T13:20:57.478+0000] {processor.py:842} WARNING - No viable dags retrieved from /opt/airflow/dags/dag_1.py
[2025-12-11T13:20:57.567+0000] {processor.py:183} INFO - Processing /opt/airflow/dags/dag_1.py took 0.123 seconds
