[2025-12-11T13:39:59.386+0000] {local_task_job_runner.py:120} INFO - ::group::Pre task execution logs
[2025-12-11T13:39:59.487+0000] {taskinstance.py:2073} INFO - Dependencies all met for dep_context=non-requeueable deps ti=<TaskInstance: sqlserver_to_file_dag.export_task manual__2025-12-11T13:39:51.617896+00:00 [queued]>
[2025-12-11T13:39:59.503+0000] {taskinstance.py:2073} INFO - Dependencies all met for dep_context=requeueable deps ti=<TaskInstance: sqlserver_to_file_dag.export_task manual__2025-12-11T13:39:51.617896+00:00 [queued]>
[2025-12-11T13:39:59.504+0000] {taskinstance.py:2303} INFO - Starting attempt 1 of 1
[2025-12-11T13:39:59.550+0000] {taskinstance.py:2327} INFO - Executing <Task(PythonOperator): export_task> on 2025-12-11 13:39:51.617896+00:00
[2025-12-11T13:39:59.560+0000] {logging_mixin.py:188} WARNING - /home/***/.local/lib/python3.12/site-packages/***/task/task_runner/standard_task_runner.py:61 DeprecationWarning: This process (pid=467) is multi-threaded, use of fork() may lead to deadlocks in the child.
[2025-12-11T13:39:59.563+0000] {standard_task_runner.py:63} INFO - Started process 478 to run task
[2025-12-11T13:39:59.561+0000] {standard_task_runner.py:90} INFO - Running: ['***', 'tasks', 'run', 'sqlserver_to_file_dag', 'export_task', 'manual__2025-12-11T13:39:51.617896+00:00', '--job-id', '226', '--raw', '--subdir', 'DAGS_FOLDER/sqlserver_to_file_dag.py', '--cfg-path', '/tmp/tmpwr52y14o']
[2025-12-11T13:39:59.565+0000] {standard_task_runner.py:91} INFO - Job 226: Subtask export_task
[2025-12-11T13:39:59.638+0000] {logging_mixin.py:188} WARNING - /home/***/.local/lib/python3.12/site-packages/***/settings.py:195 DeprecationWarning: The sql_alchemy_conn option in [core] has been moved to the sql_alchemy_conn option in [database] - the old setting has been used, but please update your config.
[2025-12-11T13:39:59.768+0000] {task_command.py:426} INFO - Running <TaskInstance: sqlserver_to_file_dag.export_task manual__2025-12-11T13:39:51.617896+00:00 [running]> on host 96e6b20aaf9c
[2025-12-11T13:40:00.086+0000] {taskinstance.py:2644} INFO - Exporting env vars: AIRFLOW_CTX_DAG_OWNER='***' AIRFLOW_CTX_DAG_ID='sqlserver_to_file_dag' AIRFLOW_CTX_TASK_ID='export_task' AIRFLOW_CTX_EXECUTION_DATE='2025-12-11T13:39:51.617896+00:00' AIRFLOW_CTX_TRY_NUMBER='1' AIRFLOW_CTX_DAG_RUN_ID='manual__2025-12-11T13:39:51.617896+00:00'
[2025-12-11T13:40:00.087+0000] {taskinstance.py:430} INFO - ::endgroup::
[2025-12-11T13:40:00.131+0000] {taskinstance.py:441} INFO - ::group::Post task execution logs
[2025-12-11T13:40:00.132+0000] {taskinstance.py:2890} ERROR - Task failed with exception
Traceback (most recent call last):
  File "/home/airflow/.local/lib/python3.12/site-packages/airflow/models/taskinstance.py", line 465, in _execute_task
    result = _execute_callable(context=context, **execute_callable_kwargs)
             ^^^^^^^^^^^^^^^^^^^^^^^^^^^^^^^^^^^^^^^^^^^^^^^^^^^^^^^^^^^^^
  File "/home/airflow/.local/lib/python3.12/site-packages/airflow/models/taskinstance.py", line 432, in _execute_callable
    return execute_callable(context=context, **execute_callable_kwargs)
           ^^^^^^^^^^^^^^^^^^^^^^^^^^^^^^^^^^^^^^^^^^^^^^^^^^^^^^^^^^^^
  File "/home/airflow/.local/lib/python3.12/site-packages/airflow/models/baseoperator.py", line 400, in wrapper
    return func(self, *args, **kwargs)
           ^^^^^^^^^^^^^^^^^^^^^^^^^^^
  File "/home/airflow/.local/lib/python3.12/site-packages/airflow/operators/python.py", line 235, in execute
    return_value = self.execute_callable()
                   ^^^^^^^^^^^^^^^^^^^^^^^
  File "/home/airflow/.local/lib/python3.12/site-packages/airflow/operators/python.py", line 252, in execute_callable
    return self.python_callable(*self.op_args, **self.op_kwargs)
           ^^^^^^^^^^^^^^^^^^^^^^^^^^^^^^^^^^^^^^^^^^^^^^^^^^^^^
  File "/opt/airflow/dags/sqlserver_to_file_dag.py", line 16, in export_sqlserver_data
    conn = pyodbc.connect(conn_str)
           ^^^^^^^^^^^^^^^^^^^^^^^^
pyodbc.Error: ('01000', "[01000] [unixODBC][Driver Manager]Can't open lib 'ODBC Driver 17 for SQL Server' : file not found (0) (SQLDriverConnect)")
[2025-12-11T13:40:00.182+0000] {taskinstance.py:1205} INFO - Marking task as FAILED. dag_id=sqlserver_to_file_dag, task_id=export_task, execution_date=20251211T133951, start_date=20251211T133959, end_date=20251211T134000
[2025-12-11T13:40:00.233+0000] {standard_task_runner.py:110} ERROR - Failed to execute job 226 for task export_task (('01000', "[01000] [unixODBC][Driver Manager]Can't open lib 'ODBC Driver 17 for SQL Server' : file not found (0) (SQLDriverConnect)"); 478)
[2025-12-11T13:40:00.260+0000] {local_task_job_runner.py:240} INFO - Task exited with return code 1
[2025-12-11T13:40:00.316+0000] {taskinstance.py:3482} INFO - 0 downstream tasks scheduled from follow-on schedule check
[2025-12-11T13:40:00.341+0000] {local_task_job_runner.py:222} INFO - ::endgroup::
