[2026-02-06T18:40:33.816+0000] {processor.py:161} INFO - Started process (PID=47) to work on /opt/airflow/dags/pg_to_file_dag.py
[2026-02-06T18:40:33.817+0000] {processor.py:830} INFO - Processing file /opt/airflow/dags/pg_to_file_dag.py for tasks to queue
[2026-02-06T18:40:33.822+0000] {logging_mixin.py:188} INFO - [2026-02-06T18:40:33.820+0000] {dagbag.py:540} INFO - Filling up the DagBag from /opt/airflow/dags/pg_to_file_dag.py
[2026-02-06T18:40:33.872+0000] {processor.py:840} INFO - DAG(s) 'pg_to_file_txt_dag' retrieved from /opt/airflow/dags/pg_to_file_dag.py
[2026-02-06T18:40:33.958+0000] {logging_mixin.py:188} INFO - [2026-02-06T18:40:33.958+0000] {dag.py:3096} INFO - Sync 1 DAGs
[2026-02-06T18:40:34.043+0000] {logging_mixin.py:188} INFO - [2026-02-06T18:40:34.043+0000] {dag.py:3954} INFO - Setting next_dagrun for pg_to_file_txt_dag to None, run_after=None
[2026-02-06T18:40:34.159+0000] {processor.py:183} INFO - Processing /opt/airflow/dags/pg_to_file_dag.py took 0.351 seconds
[2026-02-06T18:41:04.361+0000] {processor.py:161} INFO - Started process (PID=48) to work on /opt/airflow/dags/pg_to_file_dag.py
[2026-02-06T18:41:04.362+0000] {processor.py:830} INFO - Processing file /opt/airflow/dags/pg_to_file_dag.py for tasks to queue
[2026-02-06T18:41:04.364+0000] {logging_mixin.py:188} INFO - [2026-02-06T18:41:04.364+0000] {dagbag.py:540} INFO - Filling up the DagBag from /opt/airflow/dags/pg_to_file_dag.py
[2026-02-06T18:41:04.392+0000] {processor.py:840} INFO - DAG(s) 'pg_to_file_txt_dag' retrieved from /opt/airflow/dags/pg_to_file_dag.py
[2026-02-06T18:44:02.282+0000] {logging_mixin.py:188} INFO - [2026-02-06T18:44:02.282+0000] {dag.py:3096} INFO - Sync 1 DAGs
[2026-02-06T18:44:02.311+0000] {logging_mixin.py:188} INFO - [2026-02-06T18:44:02.311+0000] {dag.py:3954} INFO - Setting next_dagrun for pg_to_file_txt_dag to None, run_after=None
[2026-02-06T18:41:06.110+0000] {processor.py:183} INFO - Processing /opt/airflow/dags/pg_to_file_dag.py took 1.729 seconds
[2026-02-06T18:41:36.316+0000] {processor.py:161} INFO - Started process (PID=49) to work on /opt/airflow/dags/pg_to_file_dag.py
[2026-02-06T18:41:36.318+0000] {processor.py:830} INFO - Processing file /opt/airflow/dags/pg_to_file_dag.py for tasks to queue
[2026-02-06T18:41:36.320+0000] {logging_mixin.py:188} INFO - [2026-02-06T18:41:36.320+0000] {dagbag.py:540} INFO - Filling up the DagBag from /opt/airflow/dags/pg_to_file_dag.py
[2026-02-06T18:41:36.345+0000] {processor.py:840} INFO - DAG(s) 'pg_to_file_txt_dag' retrieved from /opt/airflow/dags/pg_to_file_dag.py
[2026-02-06T18:41:36.418+0000] {logging_mixin.py:188} INFO - [2026-02-06T18:41:36.418+0000] {dag.py:3096} INFO - Sync 1 DAGs
[2026-02-06T18:41:36.448+0000] {logging_mixin.py:188} INFO - [2026-02-06T18:41:36.448+0000] {dag.py:3954} INFO - Setting next_dagrun for pg_to_file_txt_dag to None, run_after=None
[2026-02-06T18:41:36.550+0000] {processor.py:183} INFO - Processing /opt/airflow/dags/pg_to_file_dag.py took 0.241 seconds
[2026-02-06T18:44:37.239+0000] {processor.py:161} INFO - Started process (PID=50) to work on /opt/airflow/dags/pg_to_file_dag.py
[2026-02-06T18:44:37.240+0000] {processor.py:830} INFO - Processing file /opt/airflow/dags/pg_to_file_dag.py for tasks to queue
[2026-02-06T18:44:37.243+0000] {logging_mixin.py:188} INFO - [2026-02-06T18:44:37.242+0000] {dagbag.py:540} INFO - Filling up the DagBag from /opt/airflow/dags/pg_to_file_dag.py
[2026-02-06T18:44:37.265+0000] {processor.py:840} INFO - DAG(s) 'pg_to_file_txt_dag' retrieved from /opt/airflow/dags/pg_to_file_dag.py
[2026-02-06T18:44:37.335+0000] {logging_mixin.py:188} INFO - [2026-02-06T18:44:37.334+0000] {dag.py:3096} INFO - Sync 1 DAGs
[2026-02-06T18:44:37.360+0000] {logging_mixin.py:188} INFO - [2026-02-06T18:44:37.360+0000] {dag.py:3954} INFO - Setting next_dagrun for pg_to_file_txt_dag to None, run_after=None
[2026-02-06T18:44:37.434+0000] {processor.py:183} INFO - Processing /opt/airflow/dags/pg_to_file_dag.py took 0.204 seconds
[2026-02-06T18:45:12.483+0000] {processor.py:161} INFO - Started process (PID=51) to work on /opt/airflow/dags/pg_to_file_dag.py
[2026-02-06T18:45:12.520+0000] {processor.py:830} INFO - Processing file /opt/airflow/dags/pg_to_file_dag.py for tasks to queue
[2026-02-06T18:45:12.523+0000] {logging_mixin.py:188} INFO - [2026-02-06T18:45:12.522+0000] {dagbag.py:540} INFO - Filling up the DagBag from /opt/airflow/dags/pg_to_file_dag.py
[2026-02-06T18:42:14.940+0000] {processor.py:840} INFO - DAG(s) 'pg_to_file_txt_dag' retrieved from /opt/airflow/dags/pg_to_file_dag.py
[2026-02-06T18:42:15.002+0000] {logging_mixin.py:188} INFO - [2026-02-06T18:42:15.002+0000] {dag.py:3096} INFO - Sync 1 DAGs
[2026-02-06T18:42:15.027+0000] {logging_mixin.py:188} INFO - [2026-02-06T18:42:15.027+0000] {dag.py:3954} INFO - Setting next_dagrun for pg_to_file_txt_dag to None, run_after=None
[2026-02-06T18:42:15.105+0000] {processor.py:183} INFO - Processing /opt/airflow/dags/pg_to_file_dag.py took 0.238 seconds
[2026-02-06T18:42:45.307+0000] {processor.py:161} INFO - Started process (PID=52) to work on /opt/airflow/dags/pg_to_file_dag.py
[2026-02-06T18:42:45.308+0000] {processor.py:830} INFO - Processing file /opt/airflow/dags/pg_to_file_dag.py for tasks to queue
[2026-02-06T18:42:45.311+0000] {logging_mixin.py:188} INFO - [2026-02-06T18:42:45.311+0000] {dagbag.py:540} INFO - Filling up the DagBag from /opt/airflow/dags/pg_to_file_dag.py
[2026-02-06T18:42:45.335+0000] {processor.py:840} INFO - DAG(s) 'pg_to_file_txt_dag' retrieved from /opt/airflow/dags/pg_to_file_dag.py
[2026-02-06T18:42:45.400+0000] {logging_mixin.py:188} INFO - [2026-02-06T18:42:45.400+0000] {dag.py:3096} INFO - Sync 1 DAGs
[2026-02-06T18:42:45.425+0000] {logging_mixin.py:188} INFO - [2026-02-06T18:42:45.425+0000] {dag.py:3954} INFO - Setting next_dagrun for pg_to_file_txt_dag to None, run_after=None
[2026-02-06T18:42:45.502+0000] {processor.py:183} INFO - Processing /opt/airflow/dags/pg_to_file_dag.py took 0.203 seconds
[2026-02-06T18:43:15.738+0000] {processor.py:161} INFO - Started process (PID=53) to work on /opt/airflow/dags/pg_to_file_dag.py
[2026-02-06T18:43:15.740+0000] {processor.py:830} INFO - Processing file /opt/airflow/dags/pg_to_file_dag.py for tasks to queue
[2026-02-06T18:43:15.743+0000] {logging_mixin.py:188} INFO - [2026-02-06T18:43:15.742+0000] {dagbag.py:540} INFO - Filling up the DagBag from /opt/airflow/dags/pg_to_file_dag.py
[2026-02-06T18:43:15.770+0000] {processor.py:840} INFO - DAG(s) 'pg_to_file_txt_dag' retrieved from /opt/airflow/dags/pg_to_file_dag.py
[2026-02-06T18:43:15.841+0000] {logging_mixin.py:188} INFO - [2026-02-06T18:43:15.840+0000] {dag.py:3096} INFO - Sync 1 DAGs
[2026-02-06T18:43:15.873+0000] {logging_mixin.py:188} INFO - [2026-02-06T18:43:15.872+0000] {dag.py:3954} INFO - Setting next_dagrun for pg_to_file_txt_dag to None, run_after=None
[2026-02-06T18:43:15.981+0000] {processor.py:183} INFO - Processing /opt/airflow/dags/pg_to_file_dag.py took 0.251 seconds
[2026-02-06T18:46:26.443+0000] {processor.py:161} INFO - Started process (PID=54) to work on /opt/airflow/dags/pg_to_file_dag.py
[2026-02-06T18:46:26.444+0000] {processor.py:830} INFO - Processing file /opt/airflow/dags/pg_to_file_dag.py for tasks to queue
[2026-02-06T18:46:26.449+0000] {logging_mixin.py:188} INFO - [2026-02-06T18:46:26.448+0000] {dagbag.py:540} INFO - Filling up the DagBag from /opt/airflow/dags/pg_to_file_dag.py
[2026-02-06T18:46:26.471+0000] {processor.py:840} INFO - DAG(s) 'pg_to_file_txt_dag' retrieved from /opt/airflow/dags/pg_to_file_dag.py
[2026-02-06T18:46:26.536+0000] {logging_mixin.py:188} INFO - [2026-02-06T18:46:26.536+0000] {dag.py:3096} INFO - Sync 1 DAGs
[2026-02-06T18:43:28.963+0000] {logging_mixin.py:188} INFO - [2026-02-06T18:43:28.963+0000] {dag.py:3954} INFO - Setting next_dagrun for pg_to_file_txt_dag to None, run_after=None
[2026-02-06T18:43:29.040+0000] {processor.py:183} INFO - Processing /opt/airflow/dags/pg_to_file_dag.py took 0.203 seconds
[2026-02-06T18:46:27.463+0000] {processor.py:161} INFO - Started process (PID=55) to work on /opt/airflow/dags/pg_to_file_dag.py
[2026-02-06T18:46:27.465+0000] {processor.py:830} INFO - Processing file /opt/airflow/dags/pg_to_file_dag.py for tasks to queue
[2026-02-06T18:46:27.467+0000] {logging_mixin.py:188} INFO - [2026-02-06T18:46:27.467+0000] {dagbag.py:540} INFO - Filling up the DagBag from /opt/airflow/dags/pg_to_file_dag.py
[2026-02-06T18:46:27.491+0000] {processor.py:840} INFO - DAG(s) 'pg_to_file_txt_dag' retrieved from /opt/airflow/dags/pg_to_file_dag.py
[2026-02-06T18:46:27.558+0000] {logging_mixin.py:188} INFO - [2026-02-06T18:46:27.558+0000] {dag.py:3096} INFO - Sync 1 DAGs
[2026-02-06T18:46:27.585+0000] {logging_mixin.py:188} INFO - [2026-02-06T18:46:27.584+0000] {dag.py:3954} INFO - Setting next_dagrun for pg_to_file_txt_dag to None, run_after=None
[2026-02-06T18:46:27.655+0000] {processor.py:183} INFO - Processing /opt/airflow/dags/pg_to_file_dag.py took 0.201 seconds
[2026-02-06T18:46:57.910+0000] {processor.py:161} INFO - Started process (PID=58) to work on /opt/airflow/dags/pg_to_file_dag.py
[2026-02-06T18:46:57.914+0000] {processor.py:830} INFO - Processing file /opt/airflow/dags/pg_to_file_dag.py for tasks to queue
[2026-02-06T18:46:57.922+0000] {logging_mixin.py:188} INFO - [2026-02-06T18:46:57.917+0000] {dagbag.py:540} INFO - Filling up the DagBag from /opt/airflow/dags/pg_to_file_dag.py
[2026-02-06T18:46:57.995+0000] {processor.py:840} INFO - DAG(s) 'pg_to_file_txt_dag' retrieved from /opt/airflow/dags/pg_to_file_dag.py
[2026-02-06T18:44:00.383+0000] {logging_mixin.py:188} INFO - [2026-02-06T18:44:00.382+0000] {dag.py:3096} INFO - Sync 1 DAGs
[2026-02-06T18:44:00.468+0000] {logging_mixin.py:188} INFO - [2026-02-06T18:44:00.467+0000] {dag.py:3954} INFO - Setting next_dagrun for pg_to_file_txt_dag to None, run_after=None
[2026-02-06T18:44:00.549+0000] {processor.py:183} INFO - Processing /opt/airflow/dags/pg_to_file_dag.py took 0.460 seconds
[2026-02-06T18:47:02.942+0000] {processor.py:161} INFO - Started process (PID=59) to work on /opt/airflow/dags/pg_to_file_dag.py
[2026-02-06T18:47:02.944+0000] {processor.py:830} INFO - Processing file /opt/airflow/dags/pg_to_file_dag.py for tasks to queue
[2026-02-06T18:47:02.946+0000] {logging_mixin.py:188} INFO - [2026-02-06T18:47:02.946+0000] {dagbag.py:540} INFO - Filling up the DagBag from /opt/airflow/dags/pg_to_file_dag.py
[2026-02-06T18:47:02.969+0000] {processor.py:840} INFO - DAG(s) 'pg_to_file_txt_dag' retrieved from /opt/airflow/dags/pg_to_file_dag.py
[2026-02-06T18:47:03.033+0000] {logging_mixin.py:188} INFO - [2026-02-06T18:47:03.032+0000] {dag.py:3096} INFO - Sync 1 DAGs
[2026-02-06T18:47:03.061+0000] {logging_mixin.py:188} INFO - [2026-02-06T18:47:03.060+0000] {dag.py:3954} INFO - Setting next_dagrun for pg_to_file_txt_dag to None, run_after=None
[2026-02-06T18:44:05.371+0000] {processor.py:183} INFO - Processing /opt/airflow/dags/pg_to_file_dag.py took 0.234 seconds
[2026-02-06T18:47:07.988+0000] {processor.py:161} INFO - Started process (PID=60) to work on /opt/airflow/dags/pg_to_file_dag.py
[2026-02-06T18:47:07.989+0000] {processor.py:830} INFO - Processing file /opt/airflow/dags/pg_to_file_dag.py for tasks to queue
[2026-02-06T18:47:07.992+0000] {logging_mixin.py:188} INFO - [2026-02-06T18:47:07.991+0000] {dagbag.py:540} INFO - Filling up the DagBag from /opt/airflow/dags/pg_to_file_dag.py
[2026-02-06T18:47:08.016+0000] {processor.py:840} INFO - DAG(s) 'pg_to_file_txt_dag' retrieved from /opt/airflow/dags/pg_to_file_dag.py
[2026-02-06T18:47:08.087+0000] {logging_mixin.py:188} INFO - [2026-02-06T18:47:08.087+0000] {dag.py:3096} INFO - Sync 1 DAGs
[2026-02-06T18:47:08.115+0000] {logging_mixin.py:188} INFO - [2026-02-06T18:47:08.115+0000] {dag.py:3954} INFO - Setting next_dagrun for pg_to_file_txt_dag to None, run_after=None
[2026-02-06T18:44:10.424+0000] {processor.py:183} INFO - Processing /opt/airflow/dags/pg_to_file_dag.py took 0.239 seconds
[2026-02-06T18:47:26.359+0000] {processor.py:161} INFO - Started process (PID=61) to work on /opt/airflow/dags/pg_to_file_dag.py
[2026-02-06T18:47:26.361+0000] {processor.py:830} INFO - Processing file /opt/airflow/dags/pg_to_file_dag.py for tasks to queue
[2026-02-06T18:47:26.363+0000] {logging_mixin.py:188} INFO - [2026-02-06T18:47:26.363+0000] {dagbag.py:540} INFO - Filling up the DagBag from /opt/airflow/dags/pg_to_file_dag.py
[2026-02-06T18:47:26.396+0000] {processor.py:840} INFO - DAG(s) 'pg_to_file_txt_dag' retrieved from /opt/airflow/dags/pg_to_file_dag.py
[2026-02-06T18:47:26.492+0000] {logging_mixin.py:188} INFO - [2026-02-06T18:47:26.491+0000] {dag.py:3096} INFO - Sync 1 DAGs
[2026-02-06T18:47:26.531+0000] {logging_mixin.py:188} INFO - [2026-02-06T18:47:26.531+0000] {dag.py:3954} INFO - Setting next_dagrun for pg_to_file_txt_dag to None, run_after=None
[2026-02-06T18:47:26.624+0000] {processor.py:183} INFO - Processing /opt/airflow/dags/pg_to_file_dag.py took 0.273 seconds
